  [1m[36m (1.4ms)[0m  [1mCREATE TABLE "schema_migrations" ("version" varchar NOT NULL) [0m
  [1m[35m (0.1ms)[0m  select sqlite_version(*)
  [1m[36m (1.1ms)[0m  [1mCREATE UNIQUE INDEX "unique_schema_migrations" ON "schema_migrations" ("version")[0m
  [1m[35mActiveRecord::SchemaMigration Load (0.1ms)[0m  SELECT "schema_migrations".* FROM "schema_migrations"


Started GET "/" for ::1 at 2015-11-16 16:12:00 -0600
Processing by Rails::WelcomeController#index as HTML
  Rendered /Users/admin/.rvm/gems/ruby-2.1.2/gems/railties-4.2.3/lib/rails/templates/rails/welcome/index.html.erb (1.9ms)
Completed 200 OK in 48ms (Views: 36.7ms | ActiveRecord: 0.0ms)


Started GET "/hello_world" for ::1 at 2018-12-13 21:30:50 -0500

AbstractController::ActionNotFound (The action 'hello_world' could not be found for FooController):
  actionpack (4.2.11) lib/abstract_controller/base.rb:132:in `process'
  actionview (4.2.11) lib/action_view/rendering.rb:30:in `process'
  actionpack (4.2.11) lib/action_controller/metal.rb:196:in `dispatch'
  actionpack (4.2.11) lib/action_controller/metal/rack_delegation.rb:13:in `dispatch'
  actionpack (4.2.11) lib/action_controller/metal.rb:237:in `block in action'
  actionpack (4.2.11) lib/action_dispatch/routing/route_set.rb:74:in `dispatch'
  actionpack (4.2.11) lib/action_dispatch/routing/route_set.rb:43:in `serve'
  actionpack (4.2.11) lib/action_dispatch/journey/router.rb:43:in `block in serve'
  actionpack (4.2.11) lib/action_dispatch/journey/router.rb:30:in `each'
  actionpack (4.2.11) lib/action_dispatch/journey/router.rb:30:in `serve'
  actionpack (4.2.11) lib/action_dispatch/routing/route_set.rb:817:in `call'
  rack (1.6.11) lib/rack/etag.rb:24:in `call'
  rack (1.6.11) lib/rack/conditionalget.rb:25:in `call'
  rack (1.6.11) lib/rack/head.rb:13:in `call'
  actionpack (4.2.11) lib/action_dispatch/middleware/params_parser.rb:27:in `call'
  actionpack (4.2.11) lib/action_dispatch/middleware/flash.rb:260:in `call'
  rack (1.6.11) lib/rack/session/abstract/id.rb:225:in `context'
  rack (1.6.11) lib/rack/session/abstract/id.rb:220:in `call'
  actionpack (4.2.11) lib/action_dispatch/middleware/cookies.rb:560:in `call'
  activerecord (4.2.11) lib/active_record/query_cache.rb:36:in `call'
  activerecord (4.2.11) lib/active_record/connection_adapters/abstract/connection_pool.rb:653:in `call'
  activerecord (4.2.11) lib/active_record/migration.rb:377:in `call'
  actionpack (4.2.11) lib/action_dispatch/middleware/callbacks.rb:29:in `block in call'
  activesupport (4.2.11) lib/active_support/callbacks.rb:88:in `__run_callbacks__'
  activesupport (4.2.11) lib/active_support/callbacks.rb:778:in `_run_call_callbacks'
  activesupport (4.2.11) lib/active_support/callbacks.rb:81:in `run_callbacks'
  actionpack (4.2.11) lib/action_dispatch/middleware/callbacks.rb:27:in `call'
  actionpack (4.2.11) lib/action_dispatch/middleware/reloader.rb:73:in `call'
  actionpack (4.2.11) lib/action_dispatch/middleware/remote_ip.rb:78:in `call'
  actionpack (4.2.11) lib/action_dispatch/middleware/debug_exceptions.rb:17:in `call'
  actionpack (4.2.11) lib/action_dispatch/middleware/show_exceptions.rb:30:in `call'
  railties (4.2.11) lib/rails/rack/logger.rb:38:in `call_app'
  railties (4.2.11) lib/rails/rack/logger.rb:20:in `block in call'
  activesupport (4.2.11) lib/active_support/tagged_logging.rb:68:in `block in tagged'
  activesupport (4.2.11) lib/active_support/tagged_logging.rb:26:in `tagged'
  activesupport (4.2.11) lib/active_support/tagged_logging.rb:68:in `tagged'
  railties (4.2.11) lib/rails/rack/logger.rb:20:in `call'
  actionpack (4.2.11) lib/action_dispatch/middleware/request_id.rb:21:in `call'
  rack (1.6.11) lib/rack/methodoverride.rb:22:in `call'
  rack (1.6.11) lib/rack/runtime.rb:18:in `call'
  activesupport (4.2.11) lib/active_support/cache/strategy/local_cache_middleware.rb:28:in `call'
  rack (1.6.11) lib/rack/lock.rb:17:in `call'
  actionpack (4.2.11) lib/action_dispatch/middleware/static.rb:120:in `call'
  rack (1.6.11) lib/rack/sendfile.rb:113:in `call'
  railties (4.2.11) lib/rails/engine.rb:518:in `call'
  railties (4.2.11) lib/rails/application.rb:165:in `call'
  rack (1.6.11) lib/rack/lock.rb:17:in `call'
  rack (1.6.11) lib/rack/content_length.rb:15:in `call'
  rack (1.6.11) lib/rack/handler/webrick.rb:88:in `service'
  /Users/randomluck/.rvm/rubies/ruby-2.3.3/lib/ruby/2.3.0/webrick/httpserver.rb:140:in `service'
  /Users/randomluck/.rvm/rubies/ruby-2.3.3/lib/ruby/2.3.0/webrick/httpserver.rb:96:in `run'
  /Users/randomluck/.rvm/rubies/ruby-2.3.3/lib/ruby/2.3.0/webrick/server.rb:296:in `block in start_thread'


  Rendered /Users/randomluck/.rvm/gems/ruby-2.3.3/gems/actionpack-4.2.11/lib/action_dispatch/middleware/templates/rescues/unknown_action.html.erb within rescues/layout (2.6ms)


Started GET "/" for ::1 at 2018-12-13 21:30:55 -0500
Processing by Rails::WelcomeController#index as HTML
  Rendered /Users/randomluck/.rvm/gems/ruby-2.3.3/gems/railties-4.2.11/lib/rails/templates/rails/welcome/index.html.erb (1.3ms)
Completed 200 OK in 22ms (Views: 10.2ms | ActiveRecord: 0.0ms)


Started GET "/" for ::1 at 2018-12-13 21:31:00 -0500
Processing by Rails::WelcomeController#index as HTML
  Rendered /Users/randomluck/.rvm/gems/ruby-2.3.3/gems/railties-4.2.11/lib/rails/templates/rails/welcome/index.html.erb (0.0ms)
Completed 200 OK in 3ms (Views: 2.6ms | ActiveRecord: 0.0ms)


Started GET "/hello_world" for ::1 at 2018-12-13 21:33:18 -0500

LoadError (Unable to autoload constant StaticController, expected /Users/randomluck/Development/Module-2/rails-hello-world-lab-dc-web-111918/app/controllers/static_controller.rb to define it):
  activesupport (4.2.11) lib/active_support/dependencies.rb:495:in `load_missing_constant'
  activesupport (4.2.11) lib/active_support/dependencies.rb:184:in `const_missing'
  activesupport (4.2.11) lib/active_support/inflector/methods.rb:261:in `const_get'
  activesupport (4.2.11) lib/active_support/inflector/methods.rb:261:in `block in constantize'
  activesupport (4.2.11) lib/active_support/inflector/methods.rb:259:in `each'
  activesupport (4.2.11) lib/active_support/inflector/methods.rb:259:in `inject'
  activesupport (4.2.11) lib/active_support/inflector/methods.rb:259:in `constantize'
  activesupport (4.2.11) lib/active_support/dependencies.rb:566:in `get'
  activesupport (4.2.11) lib/active_support/dependencies.rb:597:in `constantize'
  actionpack (4.2.11) lib/action_dispatch/routing/route_set.rb:70:in `controller_reference'
  actionpack (4.2.11) lib/action_dispatch/routing/route_set.rb:60:in `controller'
  actionpack (4.2.11) lib/action_dispatch/routing/route_set.rb:39:in `serve'
  actionpack (4.2.11) lib/action_dispatch/journey/router.rb:43:in `block in serve'
  actionpack (4.2.11) lib/action_dispatch/journey/router.rb:30:in `each'
  actionpack (4.2.11) lib/action_dispatch/journey/router.rb:30:in `serve'
  actionpack (4.2.11) lib/action_dispatch/routing/route_set.rb:817:in `call'
  rack (1.6.11) lib/rack/etag.rb:24:in `call'
  rack (1.6.11) lib/rack/conditionalget.rb:25:in `call'
  rack (1.6.11) lib/rack/head.rb:13:in `call'
  actionpack (4.2.11) lib/action_dispatch/middleware/params_parser.rb:27:in `call'
  actionpack (4.2.11) lib/action_dispatch/middleware/flash.rb:260:in `call'
  rack (1.6.11) lib/rack/session/abstract/id.rb:225:in `context'
  rack (1.6.11) lib/rack/session/abstract/id.rb:220:in `call'
  actionpack (4.2.11) lib/action_dispatch/middleware/cookies.rb:560:in `call'
  activerecord (4.2.11) lib/active_record/query_cache.rb:36:in `call'
  activerecord (4.2.11) lib/active_record/connection_adapters/abstract/connection_pool.rb:653:in `call'
  activerecord (4.2.11) lib/active_record/migration.rb:377:in `call'
  actionpack (4.2.11) lib/action_dispatch/middleware/callbacks.rb:29:in `block in call'
  activesupport (4.2.11) lib/active_support/callbacks.rb:88:in `__run_callbacks__'
  activesupport (4.2.11) lib/active_support/callbacks.rb:778:in `_run_call_callbacks'
  activesupport (4.2.11) lib/active_support/callbacks.rb:81:in `run_callbacks'
  actionpack (4.2.11) lib/action_dispatch/middleware/callbacks.rb:27:in `call'
  actionpack (4.2.11) lib/action_dispatch/middleware/reloader.rb:73:in `call'
  actionpack (4.2.11) lib/action_dispatch/middleware/remote_ip.rb:78:in `call'
  actionpack (4.2.11) lib/action_dispatch/middleware/debug_exceptions.rb:17:in `call'
  actionpack (4.2.11) lib/action_dispatch/middleware/show_exceptions.rb:30:in `call'
  railties (4.2.11) lib/rails/rack/logger.rb:38:in `call_app'
  railties (4.2.11) lib/rails/rack/logger.rb:20:in `block in call'
  activesupport (4.2.11) lib/active_support/tagged_logging.rb:68:in `block in tagged'
  activesupport (4.2.11) lib/active_support/tagged_logging.rb:26:in `tagged'
  activesupport (4.2.11) lib/active_support/tagged_logging.rb:68:in `tagged'
  railties (4.2.11) lib/rails/rack/logger.rb:20:in `call'
  actionpack (4.2.11) lib/action_dispatch/middleware/request_id.rb:21:in `call'
  rack (1.6.11) lib/rack/methodoverride.rb:22:in `call'
  rack (1.6.11) lib/rack/runtime.rb:18:in `call'
  activesupport (4.2.11) lib/active_support/cache/strategy/local_cache_middleware.rb:28:in `call'
  rack (1.6.11) lib/rack/lock.rb:17:in `call'
  actionpack (4.2.11) lib/action_dispatch/middleware/static.rb:120:in `call'
  rack (1.6.11) lib/rack/sendfile.rb:113:in `call'
  railties (4.2.11) lib/rails/engine.rb:518:in `call'
  railties (4.2.11) lib/rails/application.rb:165:in `call'
  rack (1.6.11) lib/rack/lock.rb:17:in `call'
  rack (1.6.11) lib/rack/content_length.rb:15:in `call'
  rack (1.6.11) lib/rack/handler/webrick.rb:88:in `service'
  /Users/randomluck/.rvm/rubies/ruby-2.3.3/lib/ruby/2.3.0/webrick/httpserver.rb:140:in `service'
  /Users/randomluck/.rvm/rubies/ruby-2.3.3/lib/ruby/2.3.0/webrick/httpserver.rb:96:in `run'
  /Users/randomluck/.rvm/rubies/ruby-2.3.3/lib/ruby/2.3.0/webrick/server.rb:296:in `block in start_thread'


  Rendered /Users/randomluck/.rvm/gems/ruby-2.3.3/gems/actionpack-4.2.11/lib/action_dispatch/middleware/templates/rescues/_source.erb (3.3ms)
  Rendered /Users/randomluck/.rvm/gems/ruby-2.3.3/gems/actionpack-4.2.11/lib/action_dispatch/middleware/templates/rescues/_trace.html.erb (4.2ms)
  Rendered /Users/randomluck/.rvm/gems/ruby-2.3.3/gems/actionpack-4.2.11/lib/action_dispatch/middleware/templates/rescues/_request_and_response.html.erb (12.4ms)
  Rendered /Users/randomluck/.rvm/gems/ruby-2.3.3/gems/actionpack-4.2.11/lib/action_dispatch/middleware/templates/rescues/diagnostics.html.erb within rescues/layout (110.2ms)


Started GET "/hello_world" for ::1 at 2018-12-13 21:33:22 -0500

LoadError (Unable to autoload constant StaticController, expected /Users/randomluck/Development/Module-2/rails-hello-world-lab-dc-web-111918/app/controllers/static_controller.rb to define it):
  activesupport (4.2.11) lib/active_support/dependencies.rb:495:in `load_missing_constant'
  activesupport (4.2.11) lib/active_support/dependencies.rb:184:in `const_missing'
  activesupport (4.2.11) lib/active_support/inflector/methods.rb:261:in `const_get'
  activesupport (4.2.11) lib/active_support/inflector/methods.rb:261:in `block in constantize'
  activesupport (4.2.11) lib/active_support/inflector/methods.rb:259:in `each'
  activesupport (4.2.11) lib/active_support/inflector/methods.rb:259:in `inject'
  activesupport (4.2.11) lib/active_support/inflector/methods.rb:259:in `constantize'
  activesupport (4.2.11) lib/active_support/dependencies.rb:566:in `get'
  activesupport (4.2.11) lib/active_support/dependencies.rb:597:in `constantize'
  actionpack (4.2.11) lib/action_dispatch/routing/route_set.rb:70:in `controller_reference'
  actionpack (4.2.11) lib/action_dispatch/routing/route_set.rb:60:in `controller'
  actionpack (4.2.11) lib/action_dispatch/routing/route_set.rb:39:in `serve'
  actionpack (4.2.11) lib/action_dispatch/journey/router.rb:43:in `block in serve'
  actionpack (4.2.11) lib/action_dispatch/journey/router.rb:30:in `each'
  actionpack (4.2.11) lib/action_dispatch/journey/router.rb:30:in `serve'
  actionpack (4.2.11) lib/action_dispatch/routing/route_set.rb:817:in `call'
  rack (1.6.11) lib/rack/etag.rb:24:in `call'
  rack (1.6.11) lib/rack/conditionalget.rb:25:in `call'
  rack (1.6.11) lib/rack/head.rb:13:in `call'
  actionpack (4.2.11) lib/action_dispatch/middleware/params_parser.rb:27:in `call'
  actionpack (4.2.11) lib/action_dispatch/middleware/flash.rb:260:in `call'
  rack (1.6.11) lib/rack/session/abstract/id.rb:225:in `context'
  rack (1.6.11) lib/rack/session/abstract/id.rb:220:in `call'
  actionpack (4.2.11) lib/action_dispatch/middleware/cookies.rb:560:in `call'
  activerecord (4.2.11) lib/active_record/query_cache.rb:36:in `call'
  activerecord (4.2.11) lib/active_record/connection_adapters/abstract/connection_pool.rb:653:in `call'
  activerecord (4.2.11) lib/active_record/migration.rb:377:in `call'
  actionpack (4.2.11) lib/action_dispatch/middleware/callbacks.rb:29:in `block in call'
  activesupport (4.2.11) lib/active_support/callbacks.rb:88:in `__run_callbacks__'
  activesupport (4.2.11) lib/active_support/callbacks.rb:778:in `_run_call_callbacks'
  activesupport (4.2.11) lib/active_support/callbacks.rb:81:in `run_callbacks'
  actionpack (4.2.11) lib/action_dispatch/middleware/callbacks.rb:27:in `call'
  actionpack (4.2.11) lib/action_dispatch/middleware/reloader.rb:73:in `call'
  actionpack (4.2.11) lib/action_dispatch/middleware/remote_ip.rb:78:in `call'
  actionpack (4.2.11) lib/action_dispatch/middleware/debug_exceptions.rb:17:in `call'
  actionpack (4.2.11) lib/action_dispatch/middleware/show_exceptions.rb:30:in `call'
  railties (4.2.11) lib/rails/rack/logger.rb:38:in `call_app'
  railties (4.2.11) lib/rails/rack/logger.rb:20:in `block in call'
  activesupport (4.2.11) lib/active_support/tagged_logging.rb:68:in `block in tagged'
  activesupport (4.2.11) lib/active_support/tagged_logging.rb:26:in `tagged'
  activesupport (4.2.11) lib/active_support/tagged_logging.rb:68:in `tagged'
  railties (4.2.11) lib/rails/rack/logger.rb:20:in `call'
  actionpack (4.2.11) lib/action_dispatch/middleware/request_id.rb:21:in `call'
  rack (1.6.11) lib/rack/methodoverride.rb:22:in `call'
  rack (1.6.11) lib/rack/runtime.rb:18:in `call'
  activesupport (4.2.11) lib/active_support/cache/strategy/local_cache_middleware.rb:28:in `call'
  rack (1.6.11) lib/rack/lock.rb:17:in `call'
  actionpack (4.2.11) lib/action_dispatch/middleware/static.rb:120:in `call'
  rack (1.6.11) lib/rack/sendfile.rb:113:in `call'
  railties (4.2.11) lib/rails/engine.rb:518:in `call'
  railties (4.2.11) lib/rails/application.rb:165:in `call'
  rack (1.6.11) lib/rack/lock.rb:17:in `call'
  rack (1.6.11) lib/rack/content_length.rb:15:in `call'
  rack (1.6.11) lib/rack/handler/webrick.rb:88:in `service'
  /Users/randomluck/.rvm/rubies/ruby-2.3.3/lib/ruby/2.3.0/webrick/httpserver.rb:140:in `service'
  /Users/randomluck/.rvm/rubies/ruby-2.3.3/lib/ruby/2.3.0/webrick/httpserver.rb:96:in `run'
  /Users/randomluck/.rvm/rubies/ruby-2.3.3/lib/ruby/2.3.0/webrick/server.rb:296:in `block in start_thread'


  Rendered /Users/randomluck/.rvm/gems/ruby-2.3.3/gems/actionpack-4.2.11/lib/action_dispatch/middleware/templates/rescues/_source.erb (2.8ms)
  Rendered /Users/randomluck/.rvm/gems/ruby-2.3.3/gems/actionpack-4.2.11/lib/action_dispatch/middleware/templates/rescues/_trace.html.erb (1.5ms)
  Rendered /Users/randomluck/.rvm/gems/ruby-2.3.3/gems/actionpack-4.2.11/lib/action_dispatch/middleware/templates/rescues/_request_and_response.html.erb (0.9ms)
  Rendered /Users/randomluck/.rvm/gems/ruby-2.3.3/gems/actionpack-4.2.11/lib/action_dispatch/middleware/templates/rescues/diagnostics.html.erb within rescues/layout (78.1ms)


Started GET "/hello_world" for ::1 at 2018-12-13 21:33:46 -0500

AbstractController::ActionNotFound (The action 'hello_world' could not be found for StaticController):
  actionpack (4.2.11) lib/abstract_controller/base.rb:132:in `process'
  actionview (4.2.11) lib/action_view/rendering.rb:30:in `process'
  actionpack (4.2.11) lib/action_controller/metal.rb:196:in `dispatch'
  actionpack (4.2.11) lib/action_controller/metal/rack_delegation.rb:13:in `dispatch'
  actionpack (4.2.11) lib/action_controller/metal.rb:237:in `block in action'
  actionpack (4.2.11) lib/action_dispatch/routing/route_set.rb:74:in `dispatch'
  actionpack (4.2.11) lib/action_dispatch/routing/route_set.rb:43:in `serve'
  actionpack (4.2.11) lib/action_dispatch/journey/router.rb:43:in `block in serve'
  actionpack (4.2.11) lib/action_dispatch/journey/router.rb:30:in `each'
  actionpack (4.2.11) lib/action_dispatch/journey/router.rb:30:in `serve'
  actionpack (4.2.11) lib/action_dispatch/routing/route_set.rb:817:in `call'
  rack (1.6.11) lib/rack/etag.rb:24:in `call'
  rack (1.6.11) lib/rack/conditionalget.rb:25:in `call'
  rack (1.6.11) lib/rack/head.rb:13:in `call'
  actionpack (4.2.11) lib/action_dispatch/middleware/params_parser.rb:27:in `call'
  actionpack (4.2.11) lib/action_dispatch/middleware/flash.rb:260:in `call'
  rack (1.6.11) lib/rack/session/abstract/id.rb:225:in `context'
  rack (1.6.11) lib/rack/session/abstract/id.rb:220:in `call'
  actionpack (4.2.11) lib/action_dispatch/middleware/cookies.rb:560:in `call'
  activerecord (4.2.11) lib/active_record/query_cache.rb:36:in `call'
  activerecord (4.2.11) lib/active_record/connection_adapters/abstract/connection_pool.rb:653:in `call'
  activerecord (4.2.11) lib/active_record/migration.rb:377:in `call'
  actionpack (4.2.11) lib/action_dispatch/middleware/callbacks.rb:29:in `block in call'
  activesupport (4.2.11) lib/active_support/callbacks.rb:88:in `__run_callbacks__'
  activesupport (4.2.11) lib/active_support/callbacks.rb:778:in `_run_call_callbacks'
  activesupport (4.2.11) lib/active_support/callbacks.rb:81:in `run_callbacks'
  actionpack (4.2.11) lib/action_dispatch/middleware/callbacks.rb:27:in `call'
  actionpack (4.2.11) lib/action_dispatch/middleware/reloader.rb:73:in `call'
  actionpack (4.2.11) lib/action_dispatch/middleware/remote_ip.rb:78:in `call'
  actionpack (4.2.11) lib/action_dispatch/middleware/debug_exceptions.rb:17:in `call'
  actionpack (4.2.11) lib/action_dispatch/middleware/show_exceptions.rb:30:in `call'
  railties (4.2.11) lib/rails/rack/logger.rb:38:in `call_app'
  railties (4.2.11) lib/rails/rack/logger.rb:20:in `block in call'
  activesupport (4.2.11) lib/active_support/tagged_logging.rb:68:in `block in tagged'
  activesupport (4.2.11) lib/active_support/tagged_logging.rb:26:in `tagged'
  activesupport (4.2.11) lib/active_support/tagged_logging.rb:68:in `tagged'
  railties (4.2.11) lib/rails/rack/logger.rb:20:in `call'
  actionpack (4.2.11) lib/action_dispatch/middleware/request_id.rb:21:in `call'
  rack (1.6.11) lib/rack/methodoverride.rb:22:in `call'
  rack (1.6.11) lib/rack/runtime.rb:18:in `call'
  activesupport (4.2.11) lib/active_support/cache/strategy/local_cache_middleware.rb:28:in `call'
  rack (1.6.11) lib/rack/lock.rb:17:in `call'
  actionpack (4.2.11) lib/action_dispatch/middleware/static.rb:120:in `call'
  rack (1.6.11) lib/rack/sendfile.rb:113:in `call'
  railties (4.2.11) lib/rails/engine.rb:518:in `call'
  railties (4.2.11) lib/rails/application.rb:165:in `call'
  rack (1.6.11) lib/rack/lock.rb:17:in `call'
  rack (1.6.11) lib/rack/content_length.rb:15:in `call'
  rack (1.6.11) lib/rack/handler/webrick.rb:88:in `service'
  /Users/randomluck/.rvm/rubies/ruby-2.3.3/lib/ruby/2.3.0/webrick/httpserver.rb:140:in `service'
  /Users/randomluck/.rvm/rubies/ruby-2.3.3/lib/ruby/2.3.0/webrick/httpserver.rb:96:in `run'
  /Users/randomluck/.rvm/rubies/ruby-2.3.3/lib/ruby/2.3.0/webrick/server.rb:296:in `block in start_thread'


  Rendered /Users/randomluck/.rvm/gems/ruby-2.3.3/gems/actionpack-4.2.11/lib/action_dispatch/middleware/templates/rescues/unknown_action.html.erb within rescues/layout (0.7ms)


Started GET "/hello_world" for ::1 at 2018-12-13 21:36:34 -0500

AbstractController::ActionNotFound (The action 'hello_world' could not be found for StaticController):
  actionpack (4.2.11) lib/abstract_controller/base.rb:132:in `process'
  actionview (4.2.11) lib/action_view/rendering.rb:30:in `process'
  actionpack (4.2.11) lib/action_controller/metal.rb:196:in `dispatch'
  actionpack (4.2.11) lib/action_controller/metal/rack_delegation.rb:13:in `dispatch'
  actionpack (4.2.11) lib/action_controller/metal.rb:237:in `block in action'
  actionpack (4.2.11) lib/action_dispatch/routing/route_set.rb:74:in `dispatch'
  actionpack (4.2.11) lib/action_dispatch/routing/route_set.rb:43:in `serve'
  actionpack (4.2.11) lib/action_dispatch/journey/router.rb:43:in `block in serve'
  actionpack (4.2.11) lib/action_dispatch/journey/router.rb:30:in `each'
  actionpack (4.2.11) lib/action_dispatch/journey/router.rb:30:in `serve'
  actionpack (4.2.11) lib/action_dispatch/routing/route_set.rb:817:in `call'
  rack (1.6.11) lib/rack/etag.rb:24:in `call'
  rack (1.6.11) lib/rack/conditionalget.rb:25:in `call'
  rack (1.6.11) lib/rack/head.rb:13:in `call'
  actionpack (4.2.11) lib/action_dispatch/middleware/params_parser.rb:27:in `call'
  actionpack (4.2.11) lib/action_dispatch/middleware/flash.rb:260:in `call'
  rack (1.6.11) lib/rack/session/abstract/id.rb:225:in `context'
  rack (1.6.11) lib/rack/session/abstract/id.rb:220:in `call'
  actionpack (4.2.11) lib/action_dispatch/middleware/cookies.rb:560:in `call'
  activerecord (4.2.11) lib/active_record/query_cache.rb:36:in `call'
  activerecord (4.2.11) lib/active_record/connection_adapters/abstract/connection_pool.rb:653:in `call'
  activerecord (4.2.11) lib/active_record/migration.rb:377:in `call'
  actionpack (4.2.11) lib/action_dispatch/middleware/callbacks.rb:29:in `block in call'
  activesupport (4.2.11) lib/active_support/callbacks.rb:88:in `__run_callbacks__'
  activesupport (4.2.11) lib/active_support/callbacks.rb:778:in `_run_call_callbacks'
  activesupport (4.2.11) lib/active_support/callbacks.rb:81:in `run_callbacks'
  actionpack (4.2.11) lib/action_dispatch/middleware/callbacks.rb:27:in `call'
  actionpack (4.2.11) lib/action_dispatch/middleware/reloader.rb:73:in `call'
  actionpack (4.2.11) lib/action_dispatch/middleware/remote_ip.rb:78:in `call'
  actionpack (4.2.11) lib/action_dispatch/middleware/debug_exceptions.rb:17:in `call'
  actionpack (4.2.11) lib/action_dispatch/middleware/show_exceptions.rb:30:in `call'
  railties (4.2.11) lib/rails/rack/logger.rb:38:in `call_app'
  railties (4.2.11) lib/rails/rack/logger.rb:20:in `block in call'
  activesupport (4.2.11) lib/active_support/tagged_logging.rb:68:in `block in tagged'
  activesupport (4.2.11) lib/active_support/tagged_logging.rb:26:in `tagged'
  activesupport (4.2.11) lib/active_support/tagged_logging.rb:68:in `tagged'
  railties (4.2.11) lib/rails/rack/logger.rb:20:in `call'
  actionpack (4.2.11) lib/action_dispatch/middleware/request_id.rb:21:in `call'
  rack (1.6.11) lib/rack/methodoverride.rb:22:in `call'
  rack (1.6.11) lib/rack/runtime.rb:18:in `call'
  activesupport (4.2.11) lib/active_support/cache/strategy/local_cache_middleware.rb:28:in `call'
  rack (1.6.11) lib/rack/lock.rb:17:in `call'
  actionpack (4.2.11) lib/action_dispatch/middleware/static.rb:120:in `call'
  rack (1.6.11) lib/rack/sendfile.rb:113:in `call'
  railties (4.2.11) lib/rails/engine.rb:518:in `call'
  railties (4.2.11) lib/rails/application.rb:165:in `call'
  rack (1.6.11) lib/rack/lock.rb:17:in `call'
  rack (1.6.11) lib/rack/content_length.rb:15:in `call'
  rack (1.6.11) lib/rack/handler/webrick.rb:88:in `service'
  /Users/randomluck/.rvm/rubies/ruby-2.3.3/lib/ruby/2.3.0/webrick/httpserver.rb:140:in `service'
  /Users/randomluck/.rvm/rubies/ruby-2.3.3/lib/ruby/2.3.0/webrick/httpserver.rb:96:in `run'
  /Users/randomluck/.rvm/rubies/ruby-2.3.3/lib/ruby/2.3.0/webrick/server.rb:296:in `block in start_thread'


  Rendered /Users/randomluck/.rvm/gems/ruby-2.3.3/gems/actionpack-4.2.11/lib/action_dispatch/middleware/templates/rescues/unknown_action.html.erb within rescues/layout (0.5ms)


Started GET "/hello_world" for ::1 at 2018-12-13 21:36:37 -0500

AbstractController::ActionNotFound (The action 'hello_world' could not be found for StaticController):
  actionpack (4.2.11) lib/abstract_controller/base.rb:132:in `process'
  actionview (4.2.11) lib/action_view/rendering.rb:30:in `process'
  actionpack (4.2.11) lib/action_controller/metal.rb:196:in `dispatch'
  actionpack (4.2.11) lib/action_controller/metal/rack_delegation.rb:13:in `dispatch'
  actionpack (4.2.11) lib/action_controller/metal.rb:237:in `block in action'
  actionpack (4.2.11) lib/action_dispatch/routing/route_set.rb:74:in `dispatch'
  actionpack (4.2.11) lib/action_dispatch/routing/route_set.rb:43:in `serve'
  actionpack (4.2.11) lib/action_dispatch/journey/router.rb:43:in `block in serve'
  actionpack (4.2.11) lib/action_dispatch/journey/router.rb:30:in `each'
  actionpack (4.2.11) lib/action_dispatch/journey/router.rb:30:in `serve'
  actionpack (4.2.11) lib/action_dispatch/routing/route_set.rb:817:in `call'
  rack (1.6.11) lib/rack/etag.rb:24:in `call'
  rack (1.6.11) lib/rack/conditionalget.rb:25:in `call'
  rack (1.6.11) lib/rack/head.rb:13:in `call'
  actionpack (4.2.11) lib/action_dispatch/middleware/params_parser.rb:27:in `call'
  actionpack (4.2.11) lib/action_dispatch/middleware/flash.rb:260:in `call'
  rack (1.6.11) lib/rack/session/abstract/id.rb:225:in `context'
  rack (1.6.11) lib/rack/session/abstract/id.rb:220:in `call'
  actionpack (4.2.11) lib/action_dispatch/middleware/cookies.rb:560:in `call'
  activerecord (4.2.11) lib/active_record/query_cache.rb:36:in `call'
  activerecord (4.2.11) lib/active_record/connection_adapters/abstract/connection_pool.rb:653:in `call'
  activerecord (4.2.11) lib/active_record/migration.rb:377:in `call'
  actionpack (4.2.11) lib/action_dispatch/middleware/callbacks.rb:29:in `block in call'
  activesupport (4.2.11) lib/active_support/callbacks.rb:88:in `__run_callbacks__'
  activesupport (4.2.11) lib/active_support/callbacks.rb:778:in `_run_call_callbacks'
  activesupport (4.2.11) lib/active_support/callbacks.rb:81:in `run_callbacks'
  actionpack (4.2.11) lib/action_dispatch/middleware/callbacks.rb:27:in `call'
  actionpack (4.2.11) lib/action_dispatch/middleware/reloader.rb:73:in `call'
  actionpack (4.2.11) lib/action_dispatch/middleware/remote_ip.rb:78:in `call'
  actionpack (4.2.11) lib/action_dispatch/middleware/debug_exceptions.rb:17:in `call'
  actionpack (4.2.11) lib/action_dispatch/middleware/show_exceptions.rb:30:in `call'
  railties (4.2.11) lib/rails/rack/logger.rb:38:in `call_app'
  railties (4.2.11) lib/rails/rack/logger.rb:20:in `block in call'
  activesupport (4.2.11) lib/active_support/tagged_logging.rb:68:in `block in tagged'
  activesupport (4.2.11) lib/active_support/tagged_logging.rb:26:in `tagged'
  activesupport (4.2.11) lib/active_support/tagged_logging.rb:68:in `tagged'
  railties (4.2.11) lib/rails/rack/logger.rb:20:in `call'
  actionpack (4.2.11) lib/action_dispatch/middleware/request_id.rb:21:in `call'
  rack (1.6.11) lib/rack/methodoverride.rb:22:in `call'
  rack (1.6.11) lib/rack/runtime.rb:18:in `call'
  activesupport (4.2.11) lib/active_support/cache/strategy/local_cache_middleware.rb:28:in `call'
  rack (1.6.11) lib/rack/lock.rb:17:in `call'
  actionpack (4.2.11) lib/action_dispatch/middleware/static.rb:120:in `call'
  rack (1.6.11) lib/rack/sendfile.rb:113:in `call'
  railties (4.2.11) lib/rails/engine.rb:518:in `call'
  railties (4.2.11) lib/rails/application.rb:165:in `call'
  rack (1.6.11) lib/rack/lock.rb:17:in `call'
  rack (1.6.11) lib/rack/content_length.rb:15:in `call'
  rack (1.6.11) lib/rack/handler/webrick.rb:88:in `service'
  /Users/randomluck/.rvm/rubies/ruby-2.3.3/lib/ruby/2.3.0/webrick/httpserver.rb:140:in `service'
  /Users/randomluck/.rvm/rubies/ruby-2.3.3/lib/ruby/2.3.0/webrick/httpserver.rb:96:in `run'
  /Users/randomluck/.rvm/rubies/ruby-2.3.3/lib/ruby/2.3.0/webrick/server.rb:296:in `block in start_thread'


  Rendered /Users/randomluck/.rvm/gems/ruby-2.3.3/gems/actionpack-4.2.11/lib/action_dispatch/middleware/templates/rescues/unknown_action.html.erb within rescues/layout (0.3ms)


Started GET "/hello_world" for ::1 at 2018-12-13 21:36:48 -0500

AbstractController::ActionNotFound (The action 'hello_world' could not be found for StaticController):
  actionpack (4.2.11) lib/abstract_controller/base.rb:132:in `process'
  actionview (4.2.11) lib/action_view/rendering.rb:30:in `process'
  actionpack (4.2.11) lib/action_controller/metal.rb:196:in `dispatch'
  actionpack (4.2.11) lib/action_controller/metal/rack_delegation.rb:13:in `dispatch'
  actionpack (4.2.11) lib/action_controller/metal.rb:237:in `block in action'
  actionpack (4.2.11) lib/action_dispatch/routing/route_set.rb:74:in `dispatch'
  actionpack (4.2.11) lib/action_dispatch/routing/route_set.rb:43:in `serve'
  actionpack (4.2.11) lib/action_dispatch/journey/router.rb:43:in `block in serve'
  actionpack (4.2.11) lib/action_dispatch/journey/router.rb:30:in `each'
  actionpack (4.2.11) lib/action_dispatch/journey/router.rb:30:in `serve'
  actionpack (4.2.11) lib/action_dispatch/routing/route_set.rb:817:in `call'
  rack (1.6.11) lib/rack/etag.rb:24:in `call'
  rack (1.6.11) lib/rack/conditionalget.rb:25:in `call'
  rack (1.6.11) lib/rack/head.rb:13:in `call'
  actionpack (4.2.11) lib/action_dispatch/middleware/params_parser.rb:27:in `call'
  actionpack (4.2.11) lib/action_dispatch/middleware/flash.rb:260:in `call'
  rack (1.6.11) lib/rack/session/abstract/id.rb:225:in `context'
  rack (1.6.11) lib/rack/session/abstract/id.rb:220:in `call'
  actionpack (4.2.11) lib/action_dispatch/middleware/cookies.rb:560:in `call'
  activerecord (4.2.11) lib/active_record/query_cache.rb:36:in `call'
  activerecord (4.2.11) lib/active_record/connection_adapters/abstract/connection_pool.rb:653:in `call'
  activerecord (4.2.11) lib/active_record/migration.rb:377:in `call'
  actionpack (4.2.11) lib/action_dispatch/middleware/callbacks.rb:29:in `block in call'
  activesupport (4.2.11) lib/active_support/callbacks.rb:88:in `__run_callbacks__'
  activesupport (4.2.11) lib/active_support/callbacks.rb:778:in `_run_call_callbacks'
  activesupport (4.2.11) lib/active_support/callbacks.rb:81:in `run_callbacks'
  actionpack (4.2.11) lib/action_dispatch/middleware/callbacks.rb:27:in `call'
  actionpack (4.2.11) lib/action_dispatch/middleware/reloader.rb:73:in `call'
  actionpack (4.2.11) lib/action_dispatch/middleware/remote_ip.rb:78:in `call'
  actionpack (4.2.11) lib/action_dispatch/middleware/debug_exceptions.rb:17:in `call'
  actionpack (4.2.11) lib/action_dispatch/middleware/show_exceptions.rb:30:in `call'
  railties (4.2.11) lib/rails/rack/logger.rb:38:in `call_app'
  railties (4.2.11) lib/rails/rack/logger.rb:20:in `block in call'
  activesupport (4.2.11) lib/active_support/tagged_logging.rb:68:in `block in tagged'
  activesupport (4.2.11) lib/active_support/tagged_logging.rb:26:in `tagged'
  activesupport (4.2.11) lib/active_support/tagged_logging.rb:68:in `tagged'
  railties (4.2.11) lib/rails/rack/logger.rb:20:in `call'
  actionpack (4.2.11) lib/action_dispatch/middleware/request_id.rb:21:in `call'
  rack (1.6.11) lib/rack/methodoverride.rb:22:in `call'
  rack (1.6.11) lib/rack/runtime.rb:18:in `call'
  activesupport (4.2.11) lib/active_support/cache/strategy/local_cache_middleware.rb:28:in `call'
  rack (1.6.11) lib/rack/lock.rb:17:in `call'
  actionpack (4.2.11) lib/action_dispatch/middleware/static.rb:120:in `call'
  rack (1.6.11) lib/rack/sendfile.rb:113:in `call'
  railties (4.2.11) lib/rails/engine.rb:518:in `call'
  railties (4.2.11) lib/rails/application.rb:165:in `call'
  rack (1.6.11) lib/rack/lock.rb:17:in `call'
  rack (1.6.11) lib/rack/content_length.rb:15:in `call'
  rack (1.6.11) lib/rack/handler/webrick.rb:88:in `service'
  /Users/randomluck/.rvm/rubies/ruby-2.3.3/lib/ruby/2.3.0/webrick/httpserver.rb:140:in `service'
  /Users/randomluck/.rvm/rubies/ruby-2.3.3/lib/ruby/2.3.0/webrick/httpserver.rb:96:in `run'
  /Users/randomluck/.rvm/rubies/ruby-2.3.3/lib/ruby/2.3.0/webrick/server.rb:296:in `block in start_thread'


  Rendered /Users/randomluck/.rvm/gems/ruby-2.3.3/gems/actionpack-4.2.11/lib/action_dispatch/middleware/templates/rescues/unknown_action.html.erb within rescues/layout (2.5ms)


Started GET "/hello_world" for ::1 at 2018-12-13 21:38:57 -0500

AbstractController::ActionNotFound (The action 'hello_world' could not be found for StaticController):
  actionpack (4.2.11) lib/abstract_controller/base.rb:132:in `process'
  actionview (4.2.11) lib/action_view/rendering.rb:30:in `process'
  actionpack (4.2.11) lib/action_controller/metal.rb:196:in `dispatch'
  actionpack (4.2.11) lib/action_controller/metal/rack_delegation.rb:13:in `dispatch'
  actionpack (4.2.11) lib/action_controller/metal.rb:237:in `block in action'
  actionpack (4.2.11) lib/action_dispatch/routing/route_set.rb:74:in `dispatch'
  actionpack (4.2.11) lib/action_dispatch/routing/route_set.rb:43:in `serve'
  actionpack (4.2.11) lib/action_dispatch/journey/router.rb:43:in `block in serve'
  actionpack (4.2.11) lib/action_dispatch/journey/router.rb:30:in `each'
  actionpack (4.2.11) lib/action_dispatch/journey/router.rb:30:in `serve'
  actionpack (4.2.11) lib/action_dispatch/routing/route_set.rb:817:in `call'
  rack (1.6.11) lib/rack/etag.rb:24:in `call'
  rack (1.6.11) lib/rack/conditionalget.rb:25:in `call'
  rack (1.6.11) lib/rack/head.rb:13:in `call'
  actionpack (4.2.11) lib/action_dispatch/middleware/params_parser.rb:27:in `call'
  actionpack (4.2.11) lib/action_dispatch/middleware/flash.rb:260:in `call'
  rack (1.6.11) lib/rack/session/abstract/id.rb:225:in `context'
  rack (1.6.11) lib/rack/session/abstract/id.rb:220:in `call'
  actionpack (4.2.11) lib/action_dispatch/middleware/cookies.rb:560:in `call'
  activerecord (4.2.11) lib/active_record/query_cache.rb:36:in `call'
  activerecord (4.2.11) lib/active_record/connection_adapters/abstract/connection_pool.rb:653:in `call'
  activerecord (4.2.11) lib/active_record/migration.rb:377:in `call'
  actionpack (4.2.11) lib/action_dispatch/middleware/callbacks.rb:29:in `block in call'
  activesupport (4.2.11) lib/active_support/callbacks.rb:88:in `__run_callbacks__'
  activesupport (4.2.11) lib/active_support/callbacks.rb:778:in `_run_call_callbacks'
  activesupport (4.2.11) lib/active_support/callbacks.rb:81:in `run_callbacks'
  actionpack (4.2.11) lib/action_dispatch/middleware/callbacks.rb:27:in `call'
  actionpack (4.2.11) lib/action_dispatch/middleware/reloader.rb:73:in `call'
  actionpack (4.2.11) lib/action_dispatch/middleware/remote_ip.rb:78:in `call'
  actionpack (4.2.11) lib/action_dispatch/middleware/debug_exceptions.rb:17:in `call'
  actionpack (4.2.11) lib/action_dispatch/middleware/show_exceptions.rb:30:in `call'
  railties (4.2.11) lib/rails/rack/logger.rb:38:in `call_app'
  railties (4.2.11) lib/rails/rack/logger.rb:20:in `block in call'
  activesupport (4.2.11) lib/active_support/tagged_logging.rb:68:in `block in tagged'
  activesupport (4.2.11) lib/active_support/tagged_logging.rb:26:in `tagged'
  activesupport (4.2.11) lib/active_support/tagged_logging.rb:68:in `tagged'
  railties (4.2.11) lib/rails/rack/logger.rb:20:in `call'
  actionpack (4.2.11) lib/action_dispatch/middleware/request_id.rb:21:in `call'
  rack (1.6.11) lib/rack/methodoverride.rb:22:in `call'
  rack (1.6.11) lib/rack/runtime.rb:18:in `call'
  activesupport (4.2.11) lib/active_support/cache/strategy/local_cache_middleware.rb:28:in `call'
  rack (1.6.11) lib/rack/lock.rb:17:in `call'
  actionpack (4.2.11) lib/action_dispatch/middleware/static.rb:120:in `call'
  rack (1.6.11) lib/rack/sendfile.rb:113:in `call'
  railties (4.2.11) lib/rails/engine.rb:518:in `call'
  railties (4.2.11) lib/rails/application.rb:165:in `call'
  rack (1.6.11) lib/rack/lock.rb:17:in `call'
  rack (1.6.11) lib/rack/content_length.rb:15:in `call'
  rack (1.6.11) lib/rack/handler/webrick.rb:88:in `service'
  /Users/randomluck/.rvm/rubies/ruby-2.3.3/lib/ruby/2.3.0/webrick/httpserver.rb:140:in `service'
  /Users/randomluck/.rvm/rubies/ruby-2.3.3/lib/ruby/2.3.0/webrick/httpserver.rb:96:in `run'
  /Users/randomluck/.rvm/rubies/ruby-2.3.3/lib/ruby/2.3.0/webrick/server.rb:296:in `block in start_thread'


  Rendered /Users/randomluck/.rvm/gems/ruby-2.3.3/gems/actionpack-4.2.11/lib/action_dispatch/middleware/templates/rescues/unknown_action.html.erb within rescues/layout (0.8ms)


Started GET "/hello_world" for ::1 at 2018-12-13 21:39:08 -0500

AbstractController::ActionNotFound (The action 'hello_world' could not be found for StaticController):
  actionpack (4.2.11) lib/abstract_controller/base.rb:132:in `process'
  actionview (4.2.11) lib/action_view/rendering.rb:30:in `process'
  actionpack (4.2.11) lib/action_controller/metal.rb:196:in `dispatch'
  actionpack (4.2.11) lib/action_controller/metal/rack_delegation.rb:13:in `dispatch'
  actionpack (4.2.11) lib/action_controller/metal.rb:237:in `block in action'
  actionpack (4.2.11) lib/action_dispatch/routing/route_set.rb:74:in `dispatch'
  actionpack (4.2.11) lib/action_dispatch/routing/route_set.rb:43:in `serve'
  actionpack (4.2.11) lib/action_dispatch/journey/router.rb:43:in `block in serve'
  actionpack (4.2.11) lib/action_dispatch/journey/router.rb:30:in `each'
  actionpack (4.2.11) lib/action_dispatch/journey/router.rb:30:in `serve'
  actionpack (4.2.11) lib/action_dispatch/routing/route_set.rb:817:in `call'
  rack (1.6.11) lib/rack/etag.rb:24:in `call'
  rack (1.6.11) lib/rack/conditionalget.rb:25:in `call'
  rack (1.6.11) lib/rack/head.rb:13:in `call'
  actionpack (4.2.11) lib/action_dispatch/middleware/params_parser.rb:27:in `call'
  actionpack (4.2.11) lib/action_dispatch/middleware/flash.rb:260:in `call'
  rack (1.6.11) lib/rack/session/abstract/id.rb:225:in `context'
  rack (1.6.11) lib/rack/session/abstract/id.rb:220:in `call'
  actionpack (4.2.11) lib/action_dispatch/middleware/cookies.rb:560:in `call'
  activerecord (4.2.11) lib/active_record/query_cache.rb:36:in `call'
  activerecord (4.2.11) lib/active_record/connection_adapters/abstract/connection_pool.rb:653:in `call'
  activerecord (4.2.11) lib/active_record/migration.rb:377:in `call'
  actionpack (4.2.11) lib/action_dispatch/middleware/callbacks.rb:29:in `block in call'
  activesupport (4.2.11) lib/active_support/callbacks.rb:88:in `__run_callbacks__'
  activesupport (4.2.11) lib/active_support/callbacks.rb:778:in `_run_call_callbacks'
  activesupport (4.2.11) lib/active_support/callbacks.rb:81:in `run_callbacks'
  actionpack (4.2.11) lib/action_dispatch/middleware/callbacks.rb:27:in `call'
  actionpack (4.2.11) lib/action_dispatch/middleware/reloader.rb:73:in `call'
  actionpack (4.2.11) lib/action_dispatch/middleware/remote_ip.rb:78:in `call'
  actionpack (4.2.11) lib/action_dispatch/middleware/debug_exceptions.rb:17:in `call'
  actionpack (4.2.11) lib/action_dispatch/middleware/show_exceptions.rb:30:in `call'
  railties (4.2.11) lib/rails/rack/logger.rb:38:in `call_app'
  railties (4.2.11) lib/rails/rack/logger.rb:20:in `block in call'
  activesupport (4.2.11) lib/active_support/tagged_logging.rb:68:in `block in tagged'
  activesupport (4.2.11) lib/active_support/tagged_logging.rb:26:in `tagged'
  activesupport (4.2.11) lib/active_support/tagged_logging.rb:68:in `tagged'
  railties (4.2.11) lib/rails/rack/logger.rb:20:in `call'
  actionpack (4.2.11) lib/action_dispatch/middleware/request_id.rb:21:in `call'
  rack (1.6.11) lib/rack/methodoverride.rb:22:in `call'
  rack (1.6.11) lib/rack/runtime.rb:18:in `call'
  activesupport (4.2.11) lib/active_support/cache/strategy/local_cache_middleware.rb:28:in `call'
  rack (1.6.11) lib/rack/lock.rb:17:in `call'
  actionpack (4.2.11) lib/action_dispatch/middleware/static.rb:120:in `call'
  rack (1.6.11) lib/rack/sendfile.rb:113:in `call'
  railties (4.2.11) lib/rails/engine.rb:518:in `call'
  railties (4.2.11) lib/rails/application.rb:165:in `call'
  rack (1.6.11) lib/rack/lock.rb:17:in `call'
  rack (1.6.11) lib/rack/content_length.rb:15:in `call'
  rack (1.6.11) lib/rack/handler/webrick.rb:88:in `service'
  /Users/randomluck/.rvm/rubies/ruby-2.3.3/lib/ruby/2.3.0/webrick/httpserver.rb:140:in `service'
  /Users/randomluck/.rvm/rubies/ruby-2.3.3/lib/ruby/2.3.0/webrick/httpserver.rb:96:in `run'
  /Users/randomluck/.rvm/rubies/ruby-2.3.3/lib/ruby/2.3.0/webrick/server.rb:296:in `block in start_thread'


  Rendered /Users/randomluck/.rvm/gems/ruby-2.3.3/gems/actionpack-4.2.11/lib/action_dispatch/middleware/templates/rescues/unknown_action.html.erb within rescues/layout (0.9ms)


Started GET "/" for ::1 at 2018-12-13 21:45:01 -0500
Processing by Rails::WelcomeController#index as HTML
  Rendered /Users/randomluck/.rvm/gems/ruby-2.3.3/gems/railties-4.2.11/lib/rails/templates/rails/welcome/index.html.erb (0.7ms)
Completed 200 OK in 26ms (Views: 12.9ms | ActiveRecord: 0.0ms)


Started GET "/hello_world" for ::1 at 2018-12-13 21:45:06 -0500

AbstractController::ActionNotFound (The action 'hello_world' could not be found for StaticController):
  actionpack (4.2.11) lib/abstract_controller/base.rb:132:in `process'
  actionview (4.2.11) lib/action_view/rendering.rb:30:in `process'
  actionpack (4.2.11) lib/action_controller/metal.rb:196:in `dispatch'
  actionpack (4.2.11) lib/action_controller/metal/rack_delegation.rb:13:in `dispatch'
  actionpack (4.2.11) lib/action_controller/metal.rb:237:in `block in action'
  actionpack (4.2.11) lib/action_dispatch/routing/route_set.rb:74:in `dispatch'
  actionpack (4.2.11) lib/action_dispatch/routing/route_set.rb:43:in `serve'
  actionpack (4.2.11) lib/action_dispatch/journey/router.rb:43:in `block in serve'
  actionpack (4.2.11) lib/action_dispatch/journey/router.rb:30:in `each'
  actionpack (4.2.11) lib/action_dispatch/journey/router.rb:30:in `serve'
  actionpack (4.2.11) lib/action_dispatch/routing/route_set.rb:817:in `call'
  rack (1.6.11) lib/rack/etag.rb:24:in `call'
  rack (1.6.11) lib/rack/conditionalget.rb:25:in `call'
  rack (1.6.11) lib/rack/head.rb:13:in `call'
  actionpack (4.2.11) lib/action_dispatch/middleware/params_parser.rb:27:in `call'
  actionpack (4.2.11) lib/action_dispatch/middleware/flash.rb:260:in `call'
  rack (1.6.11) lib/rack/session/abstract/id.rb:225:in `context'
  rack (1.6.11) lib/rack/session/abstract/id.rb:220:in `call'
  actionpack (4.2.11) lib/action_dispatch/middleware/cookies.rb:560:in `call'
  activerecord (4.2.11) lib/active_record/query_cache.rb:36:in `call'
  activerecord (4.2.11) lib/active_record/connection_adapters/abstract/connection_pool.rb:653:in `call'
  activerecord (4.2.11) lib/active_record/migration.rb:377:in `call'
  actionpack (4.2.11) lib/action_dispatch/middleware/callbacks.rb:29:in `block in call'
  activesupport (4.2.11) lib/active_support/callbacks.rb:88:in `__run_callbacks__'
  activesupport (4.2.11) lib/active_support/callbacks.rb:778:in `_run_call_callbacks'
  activesupport (4.2.11) lib/active_support/callbacks.rb:81:in `run_callbacks'
  actionpack (4.2.11) lib/action_dispatch/middleware/callbacks.rb:27:in `call'
  actionpack (4.2.11) lib/action_dispatch/middleware/reloader.rb:73:in `call'
  actionpack (4.2.11) lib/action_dispatch/middleware/remote_ip.rb:78:in `call'
  actionpack (4.2.11) lib/action_dispatch/middleware/debug_exceptions.rb:17:in `call'
  actionpack (4.2.11) lib/action_dispatch/middleware/show_exceptions.rb:30:in `call'
  railties (4.2.11) lib/rails/rack/logger.rb:38:in `call_app'
  railties (4.2.11) lib/rails/rack/logger.rb:20:in `block in call'
  activesupport (4.2.11) lib/active_support/tagged_logging.rb:68:in `block in tagged'
  activesupport (4.2.11) lib/active_support/tagged_logging.rb:26:in `tagged'
  activesupport (4.2.11) lib/active_support/tagged_logging.rb:68:in `tagged'
  railties (4.2.11) lib/rails/rack/logger.rb:20:in `call'
  actionpack (4.2.11) lib/action_dispatch/middleware/request_id.rb:21:in `call'
  rack (1.6.11) lib/rack/methodoverride.rb:22:in `call'
  rack (1.6.11) lib/rack/runtime.rb:18:in `call'
  activesupport (4.2.11) lib/active_support/cache/strategy/local_cache_middleware.rb:28:in `call'
  rack (1.6.11) lib/rack/lock.rb:17:in `call'
  actionpack (4.2.11) lib/action_dispatch/middleware/static.rb:120:in `call'
  rack (1.6.11) lib/rack/sendfile.rb:113:in `call'
  railties (4.2.11) lib/rails/engine.rb:518:in `call'
  railties (4.2.11) lib/rails/application.rb:165:in `call'
  rack (1.6.11) lib/rack/lock.rb:17:in `call'
  rack (1.6.11) lib/rack/content_length.rb:15:in `call'
  rack (1.6.11) lib/rack/handler/webrick.rb:88:in `service'
  /Users/randomluck/.rvm/rubies/ruby-2.3.3/lib/ruby/2.3.0/webrick/httpserver.rb:140:in `service'
  /Users/randomluck/.rvm/rubies/ruby-2.3.3/lib/ruby/2.3.0/webrick/httpserver.rb:96:in `run'
  /Users/randomluck/.rvm/rubies/ruby-2.3.3/lib/ruby/2.3.0/webrick/server.rb:296:in `block in start_thread'


  Rendered /Users/randomluck/.rvm/gems/ruby-2.3.3/gems/actionpack-4.2.11/lib/action_dispatch/middleware/templates/rescues/unknown_action.html.erb within rescues/layout (0.3ms)


Started GET "/about" for ::1 at 2018-12-13 21:48:01 -0500
Processing by StaticController#about as HTML
Completed 500 Internal Server Error in 11ms (ActiveRecord: 0.0ms)

ActionView::MissingTemplate (Missing template static/hello_world, application/hello_world with {:locale=>[:en], :formats=>[:html], :variants=>[], :handlers=>[:erb, :builder, :raw, :ruby, :coffee, :jbuilder]}. Searched in:
  * "/Users/randomluck/Development/Module-2/rails-hello-world-lab-dc-web-111918/app/views"
):
  app/controllers/static_controller.rb:3:in `about'


  Rendered /Users/randomluck/.rvm/gems/ruby-2.3.3/gems/actionpack-4.2.11/lib/action_dispatch/middleware/templates/rescues/_source.erb (4.2ms)
  Rendered /Users/randomluck/.rvm/gems/ruby-2.3.3/gems/actionpack-4.2.11/lib/action_dispatch/middleware/templates/rescues/_trace.html.erb (1.8ms)
  Rendered /Users/randomluck/.rvm/gems/ruby-2.3.3/gems/actionpack-4.2.11/lib/action_dispatch/middleware/templates/rescues/_request_and_response.html.erb (2.4ms)
  Rendered /Users/randomluck/.rvm/gems/ruby-2.3.3/gems/actionpack-4.2.11/lib/action_dispatch/middleware/templates/rescues/missing_template.html.erb within rescues/layout (83.0ms)


Started GET "/about" for ::1 at 2018-12-13 21:49:17 -0500
Processing by StaticController#about as HTML
Completed 500 Internal Server Error in 9ms (ActiveRecord: 0.0ms)

ActionView::MissingTemplate (Missing template static/some_page, application/some_page with {:locale=>[:en], :formats=>[:html], :variants=>[], :handlers=>[:erb, :builder, :raw, :ruby, :coffee, :jbuilder]}. Searched in:
  * "/Users/randomluck/Development/Module-2/rails-hello-world-lab-dc-web-111918/app/views"
):
  app/controllers/static_controller.rb:3:in `about'


  Rendered /Users/randomluck/.rvm/gems/ruby-2.3.3/gems/actionpack-4.2.11/lib/action_dispatch/middleware/templates/rescues/_source.erb (5.3ms)
  Rendered /Users/randomluck/.rvm/gems/ruby-2.3.3/gems/actionpack-4.2.11/lib/action_dispatch/middleware/templates/rescues/_trace.html.erb (2.2ms)
  Rendered /Users/randomluck/.rvm/gems/ruby-2.3.3/gems/actionpack-4.2.11/lib/action_dispatch/middleware/templates/rescues/_request_and_response.html.erb (0.8ms)
  Rendered /Users/randomluck/.rvm/gems/ruby-2.3.3/gems/actionpack-4.2.11/lib/action_dispatch/middleware/templates/rescues/missing_template.html.erb within rescues/layout (85.6ms)


Started GET "/about" for ::1 at 2018-12-13 21:49:19 -0500
Processing by StaticController#about as HTML
Completed 500 Internal Server Error in 5ms (ActiveRecord: 0.0ms)

ActionView::MissingTemplate (Missing template static/some_page, application/some_page with {:locale=>[:en], :formats=>[:html], :variants=>[], :handlers=>[:erb, :builder, :raw, :ruby, :coffee, :jbuilder]}. Searched in:
  * "/Users/randomluck/Development/Module-2/rails-hello-world-lab-dc-web-111918/app/views"
):
  app/controllers/static_controller.rb:3:in `about'


  Rendered /Users/randomluck/.rvm/gems/ruby-2.3.3/gems/actionpack-4.2.11/lib/action_dispatch/middleware/templates/rescues/_source.erb (4.4ms)
  Rendered /Users/randomluck/.rvm/gems/ruby-2.3.3/gems/actionpack-4.2.11/lib/action_dispatch/middleware/templates/rescues/_trace.html.erb (2.6ms)
  Rendered /Users/randomluck/.rvm/gems/ruby-2.3.3/gems/actionpack-4.2.11/lib/action_dispatch/middleware/templates/rescues/_request_and_response.html.erb (1.0ms)
  Rendered /Users/randomluck/.rvm/gems/ruby-2.3.3/gems/actionpack-4.2.11/lib/action_dispatch/middleware/templates/rescues/missing_template.html.erb within rescues/layout (83.8ms)


Started GET "/about" for ::1 at 2018-12-13 21:49:31 -0500
Processing by StaticController#about as HTML
Completed 500 Internal Server Error in 21ms (ActiveRecord: 0.0ms)

ActionView::MissingTemplate (Missing template static/some_page, application/some_page with {:locale=>[:en], :formats=>[:html], :variants=>[], :handlers=>[:erb, :builder, :raw, :ruby, :coffee, :jbuilder]}. Searched in:
  * "/Users/randomluck/Development/Module-2/rails-hello-world-lab-dc-web-111918/app/views"
):
  app/controllers/static_controller.rb:3:in `about'


  Rendered /Users/randomluck/.rvm/gems/ruby-2.3.3/gems/actionpack-4.2.11/lib/action_dispatch/middleware/templates/rescues/_source.erb (4.2ms)
  Rendered /Users/randomluck/.rvm/gems/ruby-2.3.3/gems/actionpack-4.2.11/lib/action_dispatch/middleware/templates/rescues/_trace.html.erb (1.9ms)
  Rendered /Users/randomluck/.rvm/gems/ruby-2.3.3/gems/actionpack-4.2.11/lib/action_dispatch/middleware/templates/rescues/_request_and_response.html.erb (0.8ms)
  Rendered /Users/randomluck/.rvm/gems/ruby-2.3.3/gems/actionpack-4.2.11/lib/action_dispatch/middleware/templates/rescues/missing_template.html.erb within rescues/layout (95.2ms)


Started GET "/about" for ::1 at 2018-12-13 21:59:35 -0500
Processing by StaticController#about as HTML
Completed 500 Internal Server Error in 27ms (ActiveRecord: 0.0ms)

ActionView::MissingTemplate (Missing template static/some_page, application/some_page with {:locale=>[:en], :formats=>[:html], :variants=>[], :handlers=>[:erb, :builder, :raw, :ruby, :coffee, :jbuilder]}. Searched in:
  * "/Users/randomluck/Development/Module-2/rails-hello-world-lab-dc-web-111918/app/views"
):
  app/controllers/static_controller.rb:3:in `about'


  Rendered /Users/randomluck/.rvm/gems/ruby-2.3.3/gems/actionpack-4.2.11/lib/action_dispatch/middleware/templates/rescues/_source.erb (4.7ms)
  Rendered /Users/randomluck/.rvm/gems/ruby-2.3.3/gems/actionpack-4.2.11/lib/action_dispatch/middleware/templates/rescues/_trace.html.erb (2.2ms)
  Rendered /Users/randomluck/.rvm/gems/ruby-2.3.3/gems/actionpack-4.2.11/lib/action_dispatch/middleware/templates/rescues/_request_and_response.html.erb (0.8ms)
  Rendered /Users/randomluck/.rvm/gems/ruby-2.3.3/gems/actionpack-4.2.11/lib/action_dispatch/middleware/templates/rescues/missing_template.html.erb within rescues/layout (92.2ms)


Started GET "/about" for ::1 at 2018-12-13 22:02:12 -0500
Processing by StaticController#about as HTML
Completed 500 Internal Server Error in 10ms (ActiveRecord: 0.0ms)

ActionView::MissingTemplate (Missing template static/some_page, application/some_page with {:locale=>[:en], :formats=>[:html], :variants=>[], :handlers=>[:erb, :builder, :raw, :ruby, :coffee, :jbuilder]}. Searched in:
  * "/Users/randomluck/Development/Module-2/rails-hello-world-lab-dc-web-111918/app/views"
):
  app/controllers/static_controller.rb:3:in `about'


  Rendered /Users/randomluck/.rvm/gems/ruby-2.3.3/gems/actionpack-4.2.11/lib/action_dispatch/middleware/templates/rescues/_source.erb (5.7ms)
  Rendered /Users/randomluck/.rvm/gems/ruby-2.3.3/gems/actionpack-4.2.11/lib/action_dispatch/middleware/templates/rescues/_trace.html.erb (2.8ms)
  Rendered /Users/randomluck/.rvm/gems/ruby-2.3.3/gems/actionpack-4.2.11/lib/action_dispatch/middleware/templates/rescues/_request_and_response.html.erb (0.8ms)
  Rendered /Users/randomluck/.rvm/gems/ruby-2.3.3/gems/actionpack-4.2.11/lib/action_dispatch/middleware/templates/rescues/missing_template.html.erb within rescues/layout (83.4ms)


Started GET "/about" for ::1 at 2018-12-13 22:02:14 -0500
Processing by StaticController#about as HTML
Completed 500 Internal Server Error in 5ms (ActiveRecord: 0.0ms)

ActionView::MissingTemplate (Missing template static/some_page, application/some_page with {:locale=>[:en], :formats=>[:html], :variants=>[], :handlers=>[:erb, :builder, :raw, :ruby, :coffee, :jbuilder]}. Searched in:
  * "/Users/randomluck/Development/Module-2/rails-hello-world-lab-dc-web-111918/app/views"
):
  app/controllers/static_controller.rb:3:in `about'


  Rendered /Users/randomluck/.rvm/gems/ruby-2.3.3/gems/actionpack-4.2.11/lib/action_dispatch/middleware/templates/rescues/_source.erb (5.3ms)
  Rendered /Users/randomluck/.rvm/gems/ruby-2.3.3/gems/actionpack-4.2.11/lib/action_dispatch/middleware/templates/rescues/_trace.html.erb (2.4ms)
  Rendered /Users/randomluck/.rvm/gems/ruby-2.3.3/gems/actionpack-4.2.11/lib/action_dispatch/middleware/templates/rescues/_request_and_response.html.erb (0.7ms)
  Rendered /Users/randomluck/.rvm/gems/ruby-2.3.3/gems/actionpack-4.2.11/lib/action_dispatch/middleware/templates/rescues/missing_template.html.erb within rescues/layout (94.4ms)


Started GET "/about" for ::1 at 2018-12-13 22:02:15 -0500
Processing by StaticController#about as HTML
Completed 500 Internal Server Error in 4ms (ActiveRecord: 0.0ms)

ActionView::MissingTemplate (Missing template static/some_page, application/some_page with {:locale=>[:en], :formats=>[:html], :variants=>[], :handlers=>[:erb, :builder, :raw, :ruby, :coffee, :jbuilder]}. Searched in:
  * "/Users/randomluck/Development/Module-2/rails-hello-world-lab-dc-web-111918/app/views"
):
  app/controllers/static_controller.rb:3:in `about'


  Rendered /Users/randomluck/.rvm/gems/ruby-2.3.3/gems/actionpack-4.2.11/lib/action_dispatch/middleware/templates/rescues/_source.erb (5.7ms)
  Rendered /Users/randomluck/.rvm/gems/ruby-2.3.3/gems/actionpack-4.2.11/lib/action_dispatch/middleware/templates/rescues/_trace.html.erb (3.7ms)
  Rendered /Users/randomluck/.rvm/gems/ruby-2.3.3/gems/actionpack-4.2.11/lib/action_dispatch/middleware/templates/rescues/_request_and_response.html.erb (0.9ms)
  Rendered /Users/randomluck/.rvm/gems/ruby-2.3.3/gems/actionpack-4.2.11/lib/action_dispatch/middleware/templates/rescues/missing_template.html.erb within rescues/layout (80.9ms)


Started GET "/about" for ::1 at 2018-12-13 22:02:16 -0500
Processing by StaticController#about as HTML
Completed 500 Internal Server Error in 6ms (ActiveRecord: 0.0ms)

ActionView::MissingTemplate (Missing template static/some_page, application/some_page with {:locale=>[:en], :formats=>[:html], :variants=>[], :handlers=>[:erb, :builder, :raw, :ruby, :coffee, :jbuilder]}. Searched in:
  * "/Users/randomluck/Development/Module-2/rails-hello-world-lab-dc-web-111918/app/views"
):
  app/controllers/static_controller.rb:3:in `about'


  Rendered /Users/randomluck/.rvm/gems/ruby-2.3.3/gems/actionpack-4.2.11/lib/action_dispatch/middleware/templates/rescues/_source.erb (5.0ms)
  Rendered /Users/randomluck/.rvm/gems/ruby-2.3.3/gems/actionpack-4.2.11/lib/action_dispatch/middleware/templates/rescues/_trace.html.erb (3.0ms)
  Rendered /Users/randomluck/.rvm/gems/ruby-2.3.3/gems/actionpack-4.2.11/lib/action_dispatch/middleware/templates/rescues/_request_and_response.html.erb (2.0ms)
  Rendered /Users/randomluck/.rvm/gems/ruby-2.3.3/gems/actionpack-4.2.11/lib/action_dispatch/middleware/templates/rescues/missing_template.html.erb within rescues/layout (96.5ms)


Started GET "/about" for ::1 at 2018-12-13 22:07:40 -0500
Processing by StaticController#about as HTML
Completed 500 Internal Server Error in 9ms (ActiveRecord: 0.0ms)

ActionView::MissingTemplate (Missing template static/some_page, application/some_page with {:locale=>[:en], :formats=>[:html], :variants=>[], :handlers=>[:erb, :builder, :raw, :ruby, :coffee, :jbuilder]}. Searched in:
  * "/Users/randomluck/Development/Module-2/rails-hello-world-lab-dc-web-111918/app/views"
):
  app/controllers/static_controller.rb:3:in `about'


  Rendered /Users/randomluck/.rvm/gems/ruby-2.3.3/gems/actionpack-4.2.11/lib/action_dispatch/middleware/templates/rescues/_source.erb (4.6ms)
  Rendered /Users/randomluck/.rvm/gems/ruby-2.3.3/gems/actionpack-4.2.11/lib/action_dispatch/middleware/templates/rescues/_trace.html.erb (2.2ms)
  Rendered /Users/randomluck/.rvm/gems/ruby-2.3.3/gems/actionpack-4.2.11/lib/action_dispatch/middleware/templates/rescues/_request_and_response.html.erb (0.8ms)
  Rendered /Users/randomluck/.rvm/gems/ruby-2.3.3/gems/actionpack-4.2.11/lib/action_dispatch/middleware/templates/rescues/missing_template.html.erb within rescues/layout (84.1ms)


Started GET "/about" for ::1 at 2018-12-13 22:07:41 -0500
Processing by StaticController#about as HTML
Completed 500 Internal Server Error in 7ms (ActiveRecord: 0.0ms)

ActionView::MissingTemplate (Missing template static/some_page, application/some_page with {:locale=>[:en], :formats=>[:html], :variants=>[], :handlers=>[:erb, :builder, :raw, :ruby, :coffee, :jbuilder]}. Searched in:
  * "/Users/randomluck/Development/Module-2/rails-hello-world-lab-dc-web-111918/app/views"
):
  app/controllers/static_controller.rb:3:in `about'


  Rendered /Users/randomluck/.rvm/gems/ruby-2.3.3/gems/actionpack-4.2.11/lib/action_dispatch/middleware/templates/rescues/_source.erb (6.0ms)
  Rendered /Users/randomluck/.rvm/gems/ruby-2.3.3/gems/actionpack-4.2.11/lib/action_dispatch/middleware/templates/rescues/_trace.html.erb (3.3ms)
  Rendered /Users/randomluck/.rvm/gems/ruby-2.3.3/gems/actionpack-4.2.11/lib/action_dispatch/middleware/templates/rescues/_request_and_response.html.erb (1.1ms)
  Rendered /Users/randomluck/.rvm/gems/ruby-2.3.3/gems/actionpack-4.2.11/lib/action_dispatch/middleware/templates/rescues/missing_template.html.erb within rescues/layout (96.5ms)


Started GET "/about" for ::1 at 2018-12-13 22:13:06 -0500

ActionController::RoutingError (No route matches [GET] "/about"):
  actionpack (4.2.11) lib/action_dispatch/middleware/debug_exceptions.rb:21:in `call'
  actionpack (4.2.11) lib/action_dispatch/middleware/show_exceptions.rb:30:in `call'
  railties (4.2.11) lib/rails/rack/logger.rb:38:in `call_app'
  railties (4.2.11) lib/rails/rack/logger.rb:20:in `block in call'
  activesupport (4.2.11) lib/active_support/tagged_logging.rb:68:in `block in tagged'
  activesupport (4.2.11) lib/active_support/tagged_logging.rb:26:in `tagged'
  activesupport (4.2.11) lib/active_support/tagged_logging.rb:68:in `tagged'
  railties (4.2.11) lib/rails/rack/logger.rb:20:in `call'
  actionpack (4.2.11) lib/action_dispatch/middleware/request_id.rb:21:in `call'
  rack (1.6.11) lib/rack/methodoverride.rb:22:in `call'
  rack (1.6.11) lib/rack/runtime.rb:18:in `call'
  activesupport (4.2.11) lib/active_support/cache/strategy/local_cache_middleware.rb:28:in `call'
  rack (1.6.11) lib/rack/lock.rb:17:in `call'
  actionpack (4.2.11) lib/action_dispatch/middleware/static.rb:120:in `call'
  rack (1.6.11) lib/rack/sendfile.rb:113:in `call'
  railties (4.2.11) lib/rails/engine.rb:518:in `call'
  railties (4.2.11) lib/rails/application.rb:165:in `call'
  rack (1.6.11) lib/rack/lock.rb:17:in `call'
  rack (1.6.11) lib/rack/content_length.rb:15:in `call'
  rack (1.6.11) lib/rack/handler/webrick.rb:88:in `service'
  /Users/randomluck/.rvm/rubies/ruby-2.3.3/lib/ruby/2.3.0/webrick/httpserver.rb:140:in `service'
  /Users/randomluck/.rvm/rubies/ruby-2.3.3/lib/ruby/2.3.0/webrick/httpserver.rb:96:in `run'
  /Users/randomluck/.rvm/rubies/ruby-2.3.3/lib/ruby/2.3.0/webrick/server.rb:296:in `block in start_thread'


  Rendered /Users/randomluck/.rvm/gems/ruby-2.3.3/gems/actionpack-4.2.11/lib/action_dispatch/middleware/templates/rescues/_trace.html.erb (1.6ms)
  Rendered /Users/randomluck/.rvm/gems/ruby-2.3.3/gems/actionpack-4.2.11/lib/action_dispatch/middleware/templates/routes/_route.html.erb (0.7ms)
  Rendered /Users/randomluck/.rvm/gems/ruby-2.3.3/gems/actionpack-4.2.11/lib/action_dispatch/middleware/templates/routes/_table.html.erb (16.2ms)
  Rendered /Users/randomluck/.rvm/gems/ruby-2.3.3/gems/actionpack-4.2.11/lib/action_dispatch/middleware/templates/rescues/_request_and_response.html.erb (1.3ms)
  Rendered /Users/randomluck/.rvm/gems/ruby-2.3.3/gems/actionpack-4.2.11/lib/action_dispatch/middleware/templates/rescues/routing_error.html.erb within rescues/layout (129.2ms)


Started GET "/about" for ::1 at 2018-12-13 22:13:09 -0500

ActionController::RoutingError (No route matches [GET] "/about"):
  actionpack (4.2.11) lib/action_dispatch/middleware/debug_exceptions.rb:21:in `call'
  actionpack (4.2.11) lib/action_dispatch/middleware/show_exceptions.rb:30:in `call'
  railties (4.2.11) lib/rails/rack/logger.rb:38:in `call_app'
  railties (4.2.11) lib/rails/rack/logger.rb:20:in `block in call'
  activesupport (4.2.11) lib/active_support/tagged_logging.rb:68:in `block in tagged'
  activesupport (4.2.11) lib/active_support/tagged_logging.rb:26:in `tagged'
  activesupport (4.2.11) lib/active_support/tagged_logging.rb:68:in `tagged'
  railties (4.2.11) lib/rails/rack/logger.rb:20:in `call'
  actionpack (4.2.11) lib/action_dispatch/middleware/request_id.rb:21:in `call'
  rack (1.6.11) lib/rack/methodoverride.rb:22:in `call'
  rack (1.6.11) lib/rack/runtime.rb:18:in `call'
  activesupport (4.2.11) lib/active_support/cache/strategy/local_cache_middleware.rb:28:in `call'
  rack (1.6.11) lib/rack/lock.rb:17:in `call'
  actionpack (4.2.11) lib/action_dispatch/middleware/static.rb:120:in `call'
  rack (1.6.11) lib/rack/sendfile.rb:113:in `call'
  railties (4.2.11) lib/rails/engine.rb:518:in `call'
  railties (4.2.11) lib/rails/application.rb:165:in `call'
  rack (1.6.11) lib/rack/lock.rb:17:in `call'
  rack (1.6.11) lib/rack/content_length.rb:15:in `call'
  rack (1.6.11) lib/rack/handler/webrick.rb:88:in `service'
  /Users/randomluck/.rvm/rubies/ruby-2.3.3/lib/ruby/2.3.0/webrick/httpserver.rb:140:in `service'
  /Users/randomluck/.rvm/rubies/ruby-2.3.3/lib/ruby/2.3.0/webrick/httpserver.rb:96:in `run'
  /Users/randomluck/.rvm/rubies/ruby-2.3.3/lib/ruby/2.3.0/webrick/server.rb:296:in `block in start_thread'


  Rendered /Users/randomluck/.rvm/gems/ruby-2.3.3/gems/actionpack-4.2.11/lib/action_dispatch/middleware/templates/rescues/_trace.html.erb (1.3ms)
  Rendered /Users/randomluck/.rvm/gems/ruby-2.3.3/gems/actionpack-4.2.11/lib/action_dispatch/middleware/templates/routes/_route.html.erb (0.8ms)
  Rendered /Users/randomluck/.rvm/gems/ruby-2.3.3/gems/actionpack-4.2.11/lib/action_dispatch/middleware/templates/routes/_table.html.erb (1.3ms)
  Rendered /Users/randomluck/.rvm/gems/ruby-2.3.3/gems/actionpack-4.2.11/lib/action_dispatch/middleware/templates/rescues/_request_and_response.html.erb (1.0ms)
  Rendered /Users/randomluck/.rvm/gems/ruby-2.3.3/gems/actionpack-4.2.11/lib/action_dispatch/middleware/templates/rescues/routing_error.html.erb within rescues/layout (99.8ms)


Started GET "/about" for ::1 at 2018-12-13 22:13:13 -0500

ActionController::RoutingError (No route matches [GET] "/about"):
  actionpack (4.2.11) lib/action_dispatch/middleware/debug_exceptions.rb:21:in `call'
  actionpack (4.2.11) lib/action_dispatch/middleware/show_exceptions.rb:30:in `call'
  railties (4.2.11) lib/rails/rack/logger.rb:38:in `call_app'
  railties (4.2.11) lib/rails/rack/logger.rb:20:in `block in call'
  activesupport (4.2.11) lib/active_support/tagged_logging.rb:68:in `block in tagged'
  activesupport (4.2.11) lib/active_support/tagged_logging.rb:26:in `tagged'
  activesupport (4.2.11) lib/active_support/tagged_logging.rb:68:in `tagged'
  railties (4.2.11) lib/rails/rack/logger.rb:20:in `call'
  actionpack (4.2.11) lib/action_dispatch/middleware/request_id.rb:21:in `call'
  rack (1.6.11) lib/rack/methodoverride.rb:22:in `call'
  rack (1.6.11) lib/rack/runtime.rb:18:in `call'
  activesupport (4.2.11) lib/active_support/cache/strategy/local_cache_middleware.rb:28:in `call'
  rack (1.6.11) lib/rack/lock.rb:17:in `call'
  actionpack (4.2.11) lib/action_dispatch/middleware/static.rb:120:in `call'
  rack (1.6.11) lib/rack/sendfile.rb:113:in `call'
  railties (4.2.11) lib/rails/engine.rb:518:in `call'
  railties (4.2.11) lib/rails/application.rb:165:in `call'
  rack (1.6.11) lib/rack/lock.rb:17:in `call'
  rack (1.6.11) lib/rack/content_length.rb:15:in `call'
  rack (1.6.11) lib/rack/handler/webrick.rb:88:in `service'
  /Users/randomluck/.rvm/rubies/ruby-2.3.3/lib/ruby/2.3.0/webrick/httpserver.rb:140:in `service'
  /Users/randomluck/.rvm/rubies/ruby-2.3.3/lib/ruby/2.3.0/webrick/httpserver.rb:96:in `run'
  /Users/randomluck/.rvm/rubies/ruby-2.3.3/lib/ruby/2.3.0/webrick/server.rb:296:in `block in start_thread'


  Rendered /Users/randomluck/.rvm/gems/ruby-2.3.3/gems/actionpack-4.2.11/lib/action_dispatch/middleware/templates/rescues/_trace.html.erb (1.2ms)
  Rendered /Users/randomluck/.rvm/gems/ruby-2.3.3/gems/actionpack-4.2.11/lib/action_dispatch/middleware/templates/routes/_route.html.erb (0.7ms)
  Rendered /Users/randomluck/.rvm/gems/ruby-2.3.3/gems/actionpack-4.2.11/lib/action_dispatch/middleware/templates/routes/_table.html.erb (1.2ms)
  Rendered /Users/randomluck/.rvm/gems/ruby-2.3.3/gems/actionpack-4.2.11/lib/action_dispatch/middleware/templates/rescues/_request_and_response.html.erb (1.1ms)
  Rendered /Users/randomluck/.rvm/gems/ruby-2.3.3/gems/actionpack-4.2.11/lib/action_dispatch/middleware/templates/rescues/routing_error.html.erb within rescues/layout (99.2ms)


Started GET "/about" for ::1 at 2018-12-13 22:14:27 -0500

ActionController::RoutingError (No route matches [GET] "/about"):
  actionpack (4.2.11) lib/action_dispatch/middleware/debug_exceptions.rb:21:in `call'
  actionpack (4.2.11) lib/action_dispatch/middleware/show_exceptions.rb:30:in `call'
  railties (4.2.11) lib/rails/rack/logger.rb:38:in `call_app'
  railties (4.2.11) lib/rails/rack/logger.rb:20:in `block in call'
  activesupport (4.2.11) lib/active_support/tagged_logging.rb:68:in `block in tagged'
  activesupport (4.2.11) lib/active_support/tagged_logging.rb:26:in `tagged'
  activesupport (4.2.11) lib/active_support/tagged_logging.rb:68:in `tagged'
  railties (4.2.11) lib/rails/rack/logger.rb:20:in `call'
  actionpack (4.2.11) lib/action_dispatch/middleware/request_id.rb:21:in `call'
  rack (1.6.11) lib/rack/methodoverride.rb:22:in `call'
  rack (1.6.11) lib/rack/runtime.rb:18:in `call'
  activesupport (4.2.11) lib/active_support/cache/strategy/local_cache_middleware.rb:28:in `call'
  rack (1.6.11) lib/rack/lock.rb:17:in `call'
  actionpack (4.2.11) lib/action_dispatch/middleware/static.rb:120:in `call'
  rack (1.6.11) lib/rack/sendfile.rb:113:in `call'
  railties (4.2.11) lib/rails/engine.rb:518:in `call'
  railties (4.2.11) lib/rails/application.rb:165:in `call'
  rack (1.6.11) lib/rack/lock.rb:17:in `call'
  rack (1.6.11) lib/rack/content_length.rb:15:in `call'
  rack (1.6.11) lib/rack/handler/webrick.rb:88:in `service'
  /Users/randomluck/.rvm/rubies/ruby-2.3.3/lib/ruby/2.3.0/webrick/httpserver.rb:140:in `service'
  /Users/randomluck/.rvm/rubies/ruby-2.3.3/lib/ruby/2.3.0/webrick/httpserver.rb:96:in `run'
  /Users/randomluck/.rvm/rubies/ruby-2.3.3/lib/ruby/2.3.0/webrick/server.rb:296:in `block in start_thread'


  Rendered /Users/randomluck/.rvm/gems/ruby-2.3.3/gems/actionpack-4.2.11/lib/action_dispatch/middleware/templates/rescues/_trace.html.erb (1.8ms)
  Rendered /Users/randomluck/.rvm/gems/ruby-2.3.3/gems/actionpack-4.2.11/lib/action_dispatch/middleware/templates/routes/_route.html.erb (1.8ms)
  Rendered /Users/randomluck/.rvm/gems/ruby-2.3.3/gems/actionpack-4.2.11/lib/action_dispatch/middleware/templates/routes/_table.html.erb (2.1ms)
  Rendered /Users/randomluck/.rvm/gems/ruby-2.3.3/gems/actionpack-4.2.11/lib/action_dispatch/middleware/templates/rescues/_request_and_response.html.erb (1.2ms)
  Rendered /Users/randomluck/.rvm/gems/ruby-2.3.3/gems/actionpack-4.2.11/lib/action_dispatch/middleware/templates/rescues/routing_error.html.erb within rescues/layout (109.3ms)


Started GET "/hello_world" for ::1 at 2018-12-13 22:14:46 -0500
Processing by StaticController#hello_world as HTML
Completed 500 Internal Server Error in 7ms (ActiveRecord: 0.0ms)

ActionView::MissingTemplate (Missing template static/hello_world, application/hello_world with {:locale=>[:en], :formats=>[:html], :variants=>[], :handlers=>[:erb, :builder, :raw, :ruby, :coffee, :jbuilder]}. Searched in:
  * "/Users/randomluck/Development/Module-2/rails-hello-world-lab-dc-web-111918/app/views"
):
  app/controllers/static_controller.rb:3:in `hello_world'


  Rendered /Users/randomluck/.rvm/gems/ruby-2.3.3/gems/actionpack-4.2.11/lib/action_dispatch/middleware/templates/rescues/_source.erb (5.2ms)
  Rendered /Users/randomluck/.rvm/gems/ruby-2.3.3/gems/actionpack-4.2.11/lib/action_dispatch/middleware/templates/rescues/_trace.html.erb (3.4ms)
  Rendered /Users/randomluck/.rvm/gems/ruby-2.3.3/gems/actionpack-4.2.11/lib/action_dispatch/middleware/templates/rescues/_request_and_response.html.erb (1.0ms)
  Rendered /Users/randomluck/.rvm/gems/ruby-2.3.3/gems/actionpack-4.2.11/lib/action_dispatch/middleware/templates/rescues/missing_template.html.erb within rescues/layout (95.5ms)


Started GET "/hello_world" for ::1 at 2018-12-13 22:15:53 -0500
Processing by StaticController#hello_world as HTML
Completed 500 Internal Server Error in 27ms (ActiveRecord: 0.0ms)

ActionView::MissingTemplate (Missing template static/hello_world, application/hello_world with {:locale=>[:en], :formats=>[:html], :variants=>[], :handlers=>[:erb, :builder, :raw, :ruby, :coffee, :jbuilder]}. Searched in:
  * "/Users/randomluck/Development/Module-2/rails-hello-world-lab-dc-web-111918/app/views"
):
  app/controllers/static_controller.rb:3:in `hello_world'


  Rendered /Users/randomluck/.rvm/gems/ruby-2.3.3/gems/actionpack-4.2.11/lib/action_dispatch/middleware/templates/rescues/_source.erb (4.6ms)
  Rendered /Users/randomluck/.rvm/gems/ruby-2.3.3/gems/actionpack-4.2.11/lib/action_dispatch/middleware/templates/rescues/_trace.html.erb (1.9ms)
  Rendered /Users/randomluck/.rvm/gems/ruby-2.3.3/gems/actionpack-4.2.11/lib/action_dispatch/middleware/templates/rescues/_request_and_response.html.erb (0.7ms)
  Rendered /Users/randomluck/.rvm/gems/ruby-2.3.3/gems/actionpack-4.2.11/lib/action_dispatch/middleware/templates/rescues/missing_template.html.erb within rescues/layout (94.0ms)


Started GET "/hello_world" for ::1 at 2018-12-13 22:15:56 -0500
Processing by StaticController#hello_world as HTML
Completed 500 Internal Server Error in 3ms (ActiveRecord: 0.0ms)

ActionView::MissingTemplate (Missing template static/hello_world, application/hello_world with {:locale=>[:en], :formats=>[:html], :variants=>[], :handlers=>[:erb, :builder, :raw, :ruby, :coffee, :jbuilder]}. Searched in:
  * "/Users/randomluck/Development/Module-2/rails-hello-world-lab-dc-web-111918/app/views"
):
  app/controllers/static_controller.rb:3:in `hello_world'


  Rendered /Users/randomluck/.rvm/gems/ruby-2.3.3/gems/actionpack-4.2.11/lib/action_dispatch/middleware/templates/rescues/_source.erb (4.5ms)
  Rendered /Users/randomluck/.rvm/gems/ruby-2.3.3/gems/actionpack-4.2.11/lib/action_dispatch/middleware/templates/rescues/_trace.html.erb (2.1ms)
  Rendered /Users/randomluck/.rvm/gems/ruby-2.3.3/gems/actionpack-4.2.11/lib/action_dispatch/middleware/templates/rescues/_request_and_response.html.erb (0.8ms)
  Rendered /Users/randomluck/.rvm/gems/ruby-2.3.3/gems/actionpack-4.2.11/lib/action_dispatch/middleware/templates/rescues/missing_template.html.erb within rescues/layout (79.9ms)


Started GET "/hello_world" for ::1 at 2018-12-13 22:15:58 -0500
Processing by StaticController#hello_world as HTML
Completed 500 Internal Server Error in 3ms (ActiveRecord: 0.0ms)

ActionView::MissingTemplate (Missing template static/hello_world, application/hello_world with {:locale=>[:en], :formats=>[:html], :variants=>[], :handlers=>[:erb, :builder, :raw, :ruby, :coffee, :jbuilder]}. Searched in:
  * "/Users/randomluck/Development/Module-2/rails-hello-world-lab-dc-web-111918/app/views"
):
  app/controllers/static_controller.rb:3:in `hello_world'


  Rendered /Users/randomluck/.rvm/gems/ruby-2.3.3/gems/actionpack-4.2.11/lib/action_dispatch/middleware/templates/rescues/_source.erb (4.4ms)
  Rendered /Users/randomluck/.rvm/gems/ruby-2.3.3/gems/actionpack-4.2.11/lib/action_dispatch/middleware/templates/rescues/_trace.html.erb (2.0ms)
  Rendered /Users/randomluck/.rvm/gems/ruby-2.3.3/gems/actionpack-4.2.11/lib/action_dispatch/middleware/templates/rescues/_request_and_response.html.erb (0.7ms)
  Rendered /Users/randomluck/.rvm/gems/ruby-2.3.3/gems/actionpack-4.2.11/lib/action_dispatch/middleware/templates/rescues/missing_template.html.erb within rescues/layout (83.5ms)


Started GET "/hello_world" for ::1 at 2018-12-13 22:17:48 -0500
Processing by StaticController#hello_world as HTML
Completed 500 Internal Server Error in 24ms (ActiveRecord: 0.0ms)

ActionView::MissingTemplate (Missing template static/hello_world, application/hello_world with {:locale=>[:en], :formats=>[:html], :variants=>[], :handlers=>[:erb, :builder, :raw, :ruby, :coffee, :jbuilder]}. Searched in:
  * "/Users/randomluck/Development/Module-2/rails-hello-world-lab-dc-web-111918/app/views"
):
  app/controllers/static_controller.rb:3:in `hello_world'


  Rendered /Users/randomluck/.rvm/gems/ruby-2.3.3/gems/actionpack-4.2.11/lib/action_dispatch/middleware/templates/rescues/_source.erb (4.5ms)
  Rendered /Users/randomluck/.rvm/gems/ruby-2.3.3/gems/actionpack-4.2.11/lib/action_dispatch/middleware/templates/rescues/_trace.html.erb (1.9ms)
  Rendered /Users/randomluck/.rvm/gems/ruby-2.3.3/gems/actionpack-4.2.11/lib/action_dispatch/middleware/templates/rescues/_request_and_response.html.erb (0.7ms)
  Rendered /Users/randomluck/.rvm/gems/ruby-2.3.3/gems/actionpack-4.2.11/lib/action_dispatch/middleware/templates/rescues/missing_template.html.erb within rescues/layout (89.3ms)


Started GET "/about" for ::1 at 2018-12-13 22:20:41 -0500
Processing by StaticController#about as HTML
Completed 500 Internal Server Error in 22ms (ActiveRecord: 0.0ms)

ActionView::MissingTemplate (Missing template static/hello_world, application/hello_world with {:locale=>[:en], :formats=>[:html], :variants=>[], :handlers=>[:erb, :builder, :raw, :ruby, :coffee, :jbuilder]}. Searched in:
  * "/Users/randomluck/Development/Module-2/rails-hello-world-lab-dc-web-111918/app/views"
):
  app/controllers/static_controller.rb:3:in `about'


  Rendered /Users/randomluck/.rvm/gems/ruby-2.3.3/gems/actionpack-4.2.11/lib/action_dispatch/middleware/templates/rescues/_source.erb (4.4ms)
  Rendered /Users/randomluck/.rvm/gems/ruby-2.3.3/gems/actionpack-4.2.11/lib/action_dispatch/middleware/templates/rescues/_trace.html.erb (2.1ms)
  Rendered /Users/randomluck/.rvm/gems/ruby-2.3.3/gems/actionpack-4.2.11/lib/action_dispatch/middleware/templates/rescues/_request_and_response.html.erb (0.8ms)
  Rendered /Users/randomluck/.rvm/gems/ruby-2.3.3/gems/actionpack-4.2.11/lib/action_dispatch/middleware/templates/rescues/missing_template.html.erb within rescues/layout (88.9ms)


Started GET "/about" for ::1 at 2018-12-13 22:20:59 -0500
Processing by StaticController#about as HTML
Completed 500 Internal Server Error in 6ms (ActiveRecord: 0.0ms)

ActionView::MissingTemplate (Missing template static/hello_world with {:locale=>[:en], :formats=>[:html], :variants=>[], :handlers=>[:erb, :builder, :raw, :ruby, :coffee, :jbuilder]}. Searched in:
  * "/Users/randomluck/Development/Module-2/rails-hello-world-lab-dc-web-111918/app/views"
):
  app/controllers/static_controller.rb:3:in `about'


  Rendered /Users/randomluck/.rvm/gems/ruby-2.3.3/gems/actionpack-4.2.11/lib/action_dispatch/middleware/templates/rescues/_source.erb (4.7ms)
  Rendered /Users/randomluck/.rvm/gems/ruby-2.3.3/gems/actionpack-4.2.11/lib/action_dispatch/middleware/templates/rescues/_trace.html.erb (6.6ms)
  Rendered /Users/randomluck/.rvm/gems/ruby-2.3.3/gems/actionpack-4.2.11/lib/action_dispatch/middleware/templates/rescues/_request_and_response.html.erb (0.9ms)
  Rendered /Users/randomluck/.rvm/gems/ruby-2.3.3/gems/actionpack-4.2.11/lib/action_dispatch/middleware/templates/rescues/missing_template.html.erb within rescues/layout (90.8ms)


Started GET "/about" for ::1 at 2018-12-13 22:21:00 -0500
Processing by StaticController#about as HTML
Completed 500 Internal Server Error in 2ms (ActiveRecord: 0.0ms)

ActionView::MissingTemplate (Missing template static/hello_world with {:locale=>[:en], :formats=>[:html], :variants=>[], :handlers=>[:erb, :builder, :raw, :ruby, :coffee, :jbuilder]}. Searched in:
  * "/Users/randomluck/Development/Module-2/rails-hello-world-lab-dc-web-111918/app/views"
):
  app/controllers/static_controller.rb:3:in `about'


  Rendered /Users/randomluck/.rvm/gems/ruby-2.3.3/gems/actionpack-4.2.11/lib/action_dispatch/middleware/templates/rescues/_source.erb (4.5ms)
  Rendered /Users/randomluck/.rvm/gems/ruby-2.3.3/gems/actionpack-4.2.11/lib/action_dispatch/middleware/templates/rescues/_trace.html.erb (1.9ms)
  Rendered /Users/randomluck/.rvm/gems/ruby-2.3.3/gems/actionpack-4.2.11/lib/action_dispatch/middleware/templates/rescues/_request_and_response.html.erb (0.8ms)
  Rendered /Users/randomluck/.rvm/gems/ruby-2.3.3/gems/actionpack-4.2.11/lib/action_dispatch/middleware/templates/rescues/missing_template.html.erb within rescues/layout (80.7ms)


Started GET "/about" for ::1 at 2018-12-13 22:21:01 -0500
Processing by StaticController#about as HTML
Completed 500 Internal Server Error in 2ms (ActiveRecord: 0.0ms)

ActionView::MissingTemplate (Missing template static/hello_world with {:locale=>[:en], :formats=>[:html], :variants=>[], :handlers=>[:erb, :builder, :raw, :ruby, :coffee, :jbuilder]}. Searched in:
  * "/Users/randomluck/Development/Module-2/rails-hello-world-lab-dc-web-111918/app/views"
):
  app/controllers/static_controller.rb:3:in `about'


  Rendered /Users/randomluck/.rvm/gems/ruby-2.3.3/gems/actionpack-4.2.11/lib/action_dispatch/middleware/templates/rescues/_source.erb (4.4ms)
  Rendered /Users/randomluck/.rvm/gems/ruby-2.3.3/gems/actionpack-4.2.11/lib/action_dispatch/middleware/templates/rescues/_trace.html.erb (2.9ms)
  Rendered /Users/randomluck/.rvm/gems/ruby-2.3.3/gems/actionpack-4.2.11/lib/action_dispatch/middleware/templates/rescues/_request_and_response.html.erb (0.8ms)
  Rendered /Users/randomluck/.rvm/gems/ruby-2.3.3/gems/actionpack-4.2.11/lib/action_dispatch/middleware/templates/rescues/missing_template.html.erb within rescues/layout (80.2ms)


Started GET "/about" for ::1 at 2018-12-13 22:21:02 -0500
Processing by StaticController#about as HTML
Completed 500 Internal Server Error in 2ms (ActiveRecord: 0.0ms)

ActionView::MissingTemplate (Missing template static/hello_world with {:locale=>[:en], :formats=>[:html], :variants=>[], :handlers=>[:erb, :builder, :raw, :ruby, :coffee, :jbuilder]}. Searched in:
  * "/Users/randomluck/Development/Module-2/rails-hello-world-lab-dc-web-111918/app/views"
):
  app/controllers/static_controller.rb:3:in `about'


  Rendered /Users/randomluck/.rvm/gems/ruby-2.3.3/gems/actionpack-4.2.11/lib/action_dispatch/middleware/templates/rescues/_source.erb (4.8ms)
  Rendered /Users/randomluck/.rvm/gems/ruby-2.3.3/gems/actionpack-4.2.11/lib/action_dispatch/middleware/templates/rescues/_trace.html.erb (2.0ms)
  Rendered /Users/randomluck/.rvm/gems/ruby-2.3.3/gems/actionpack-4.2.11/lib/action_dispatch/middleware/templates/rescues/_request_and_response.html.erb (0.8ms)
  Rendered /Users/randomluck/.rvm/gems/ruby-2.3.3/gems/actionpack-4.2.11/lib/action_dispatch/middleware/templates/rescues/missing_template.html.erb within rescues/layout (81.0ms)


Started GET "/about" for ::1 at 2018-12-13 22:21:02 -0500
Processing by StaticController#about as HTML
Completed 500 Internal Server Error in 2ms (ActiveRecord: 0.0ms)

ActionView::MissingTemplate (Missing template static/hello_world with {:locale=>[:en], :formats=>[:html], :variants=>[], :handlers=>[:erb, :builder, :raw, :ruby, :coffee, :jbuilder]}. Searched in:
  * "/Users/randomluck/Development/Module-2/rails-hello-world-lab-dc-web-111918/app/views"
):
  app/controllers/static_controller.rb:3:in `about'


  Rendered /Users/randomluck/.rvm/gems/ruby-2.3.3/gems/actionpack-4.2.11/lib/action_dispatch/middleware/templates/rescues/_source.erb (4.6ms)
  Rendered /Users/randomluck/.rvm/gems/ruby-2.3.3/gems/actionpack-4.2.11/lib/action_dispatch/middleware/templates/rescues/_trace.html.erb (2.3ms)
  Rendered /Users/randomluck/.rvm/gems/ruby-2.3.3/gems/actionpack-4.2.11/lib/action_dispatch/middleware/templates/rescues/_request_and_response.html.erb (0.9ms)
  Rendered /Users/randomluck/.rvm/gems/ruby-2.3.3/gems/actionpack-4.2.11/lib/action_dispatch/middleware/templates/rescues/missing_template.html.erb within rescues/layout (80.4ms)


Started GET "/about" for ::1 at 2018-12-13 22:21:09 -0500
Processing by StaticController#about as HTML
Completed 500 Internal Server Error in 2ms (ActiveRecord: 0.0ms)

ActionView::MissingTemplate (Missing template static/hello_world with {:locale=>[:en], :formats=>[:html], :variants=>[], :handlers=>[:erb, :builder, :raw, :ruby, :coffee, :jbuilder]}. Searched in:
  * "/Users/randomluck/Development/Module-2/rails-hello-world-lab-dc-web-111918/app/views"
):
  app/controllers/static_controller.rb:3:in `about'


  Rendered /Users/randomluck/.rvm/gems/ruby-2.3.3/gems/actionpack-4.2.11/lib/action_dispatch/middleware/templates/rescues/_source.erb (4.4ms)
  Rendered /Users/randomluck/.rvm/gems/ruby-2.3.3/gems/actionpack-4.2.11/lib/action_dispatch/middleware/templates/rescues/_trace.html.erb (2.0ms)
  Rendered /Users/randomluck/.rvm/gems/ruby-2.3.3/gems/actionpack-4.2.11/lib/action_dispatch/middleware/templates/rescues/_request_and_response.html.erb (0.8ms)
  Rendered /Users/randomluck/.rvm/gems/ruby-2.3.3/gems/actionpack-4.2.11/lib/action_dispatch/middleware/templates/rescues/missing_template.html.erb within rescues/layout (85.3ms)


Started GET "/about" for ::1 at 2018-12-13 22:21:10 -0500
Processing by StaticController#about as HTML
Completed 500 Internal Server Error in 2ms (ActiveRecord: 0.0ms)

ActionView::MissingTemplate (Missing template static/hello_world with {:locale=>[:en], :formats=>[:html], :variants=>[], :handlers=>[:erb, :builder, :raw, :ruby, :coffee, :jbuilder]}. Searched in:
  * "/Users/randomluck/Development/Module-2/rails-hello-world-lab-dc-web-111918/app/views"
):
  app/controllers/static_controller.rb:3:in `about'


  Rendered /Users/randomluck/.rvm/gems/ruby-2.3.3/gems/actionpack-4.2.11/lib/action_dispatch/middleware/templates/rescues/_source.erb (4.4ms)
  Rendered /Users/randomluck/.rvm/gems/ruby-2.3.3/gems/actionpack-4.2.11/lib/action_dispatch/middleware/templates/rescues/_trace.html.erb (1.9ms)
  Rendered /Users/randomluck/.rvm/gems/ruby-2.3.3/gems/actionpack-4.2.11/lib/action_dispatch/middleware/templates/rescues/_request_and_response.html.erb (0.7ms)
  Rendered /Users/randomluck/.rvm/gems/ruby-2.3.3/gems/actionpack-4.2.11/lib/action_dispatch/middleware/templates/rescues/missing_template.html.erb within rescues/layout (79.0ms)


Started GET "/about" for ::1 at 2018-12-13 22:21:33 -0500
Processing by StaticController#about as HTML
Completed 500 Internal Server Error in 5ms (ActiveRecord: 0.0ms)

ActionView::MissingTemplate (Missing template static/hello_world with {:locale=>[:en], :formats=>[:html], :variants=>[], :handlers=>[:erb, :builder, :raw, :ruby, :coffee, :jbuilder]}. Searched in:
  * "/Users/randomluck/Development/Module-2/rails-hello-world-lab-dc-web-111918/app/views"
):
  app/controllers/static_controller.rb:3:in `about'


  Rendered /Users/randomluck/.rvm/gems/ruby-2.3.3/gems/actionpack-4.2.11/lib/action_dispatch/middleware/templates/rescues/_source.erb (4.9ms)
  Rendered /Users/randomluck/.rvm/gems/ruby-2.3.3/gems/actionpack-4.2.11/lib/action_dispatch/middleware/templates/rescues/_trace.html.erb (1.9ms)
  Rendered /Users/randomluck/.rvm/gems/ruby-2.3.3/gems/actionpack-4.2.11/lib/action_dispatch/middleware/templates/rescues/_request_and_response.html.erb (0.8ms)
  Rendered /Users/randomluck/.rvm/gems/ruby-2.3.3/gems/actionpack-4.2.11/lib/action_dispatch/middleware/templates/rescues/missing_template.html.erb within rescues/layout (80.1ms)


Started GET "/about" for ::1 at 2018-12-13 22:21:34 -0500
Processing by StaticController#about as HTML
Completed 500 Internal Server Error in 3ms (ActiveRecord: 0.0ms)

ActionView::MissingTemplate (Missing template static/hello_world with {:locale=>[:en], :formats=>[:html], :variants=>[], :handlers=>[:erb, :builder, :raw, :ruby, :coffee, :jbuilder]}. Searched in:
  * "/Users/randomluck/Development/Module-2/rails-hello-world-lab-dc-web-111918/app/views"
):
  app/controllers/static_controller.rb:3:in `about'


  Rendered /Users/randomluck/.rvm/gems/ruby-2.3.3/gems/actionpack-4.2.11/lib/action_dispatch/middleware/templates/rescues/_source.erb (7.4ms)
  Rendered /Users/randomluck/.rvm/gems/ruby-2.3.3/gems/actionpack-4.2.11/lib/action_dispatch/middleware/templates/rescues/_trace.html.erb (2.1ms)
  Rendered /Users/randomluck/.rvm/gems/ruby-2.3.3/gems/actionpack-4.2.11/lib/action_dispatch/middleware/templates/rescues/_request_and_response.html.erb (0.7ms)
  Rendered /Users/randomluck/.rvm/gems/ruby-2.3.3/gems/actionpack-4.2.11/lib/action_dispatch/middleware/templates/rescues/missing_template.html.erb within rescues/layout (87.6ms)


Started GET "/about" for ::1 at 2018-12-13 22:21:55 -0500
Processing by StaticController#about as HTML
  Rendered layouts/static/hello_world.html.erb within layouts/application (0.6ms)
Completed 200 OK in 504ms (Views: 503.2ms | ActiveRecord: 0.0ms)


Started GET "/assets/application.self-e80e8f2318043e8af94dddc2adad5a4f09739a8ebb323b3ab31cd71d45fd9113.css?body=1" for ::1 at 2018-12-13 22:21:56 -0500


Started GET "/assets/jquery.self-bd7ddd393353a8d2480a622e80342adf488fb6006d667e8b42e4c0073393abee.js?body=1" for ::1 at 2018-12-13 22:21:56 -0500


Started GET "/assets/jquery_ujs.self-784a997f6726036b1993eb2217c9cb558e1cbb801c6da88105588c56f13b466a.js?body=1" for ::1 at 2018-12-13 22:21:56 -0500


Started GET "/assets/application.self-3b8dabdc891efe46b9a144b400ad69e37d7e5876bdc39dee783419a69d7ca819.js?body=1" for ::1 at 2018-12-13 22:21:56 -0500


Started GET "/hello_world" for ::1 at 2018-12-13 22:23:17 -0500
Processing by StaticController#hello_world as HTML
  Rendered layouts/static/hello_world.html.erb within layouts/application (1.2ms)
Completed 200 OK in 237ms (Views: 226.2ms | ActiveRecord: 0.0ms)
